2021-07-26 14:01:56,331 DEBUG scheduler Queued events for site atualli.local
2021-07-26 14:02:56,662 DEBUG scheduler Queued events for site atualli.local
2021-07-26 14:03:56,908 DEBUG scheduler Queued events for site atualli.local
2021-07-26 14:04:57,180 DEBUG scheduler Queued events for site atualli.local
2021-07-26 14:04:57,219 INFO scheduler Scheduled Job Start: frappe.monitor.flush for atualli.local
2021-07-26 14:04:57,549 INFO scheduler Scheduled Job Complete: frappe.monitor.flush for atualli.local
2021-07-26 14:04:57,661 INFO scheduler Scheduled Job Start: frappe.utils.global_search.sync_global_search for atualli.local
2021-07-26 14:04:57,993 INFO scheduler Scheduled Job Complete: frappe.utils.global_search.sync_global_search for atualli.local
2021-07-26 14:04:58,095 INFO scheduler Scheduled Job Start: frappe.integrations.doctype.razorpay_settings.razorpay_settings.capture_payment for atualli.local
2021-07-26 14:04:58,570 INFO scheduler Scheduled Job Complete: frappe.integrations.doctype.razorpay_settings.razorpay_settings.capture_payment for atualli.local
2021-07-26 14:04:58,662 INFO scheduler Scheduled Job Start: frappe.email.doctype.email_account.email_account.notify_unreplied for atualli.local
2021-07-26 14:04:59,069 INFO scheduler Scheduled Job Complete: frappe.email.doctype.email_account.email_account.notify_unreplied for atualli.local
2021-07-26 14:04:59,159 INFO scheduler Scheduled Job Start: frappe.email.doctype.email_account.email_account.pull for atualli.local
2021-07-26 14:04:59,588 INFO scheduler Scheduled Job Complete: frappe.email.doctype.email_account.email_account.pull for atualli.local
2021-07-26 14:04:59,689 INFO scheduler Scheduled Job Start: frappe.email.queue.flush for atualli.local
2021-07-26 14:05:00,072 INFO scheduler Scheduled Job Complete: frappe.email.queue.flush for atualli.local
2021-07-26 14:05:57,477 DEBUG scheduler Queued events for site atualli.local
2021-07-26 14:06:57,874 DEBUG scheduler Queued events for site atualli.local
2021-07-26 14:07:58,329 DEBUG scheduler Queued events for site atualli.local
2021-07-26 14:08:58,837 DEBUG scheduler Queued events for site atualli.local
2021-07-26 14:08:58,896 INFO scheduler Scheduled Job Start: frappe.monitor.flush for atualli.local
2021-07-26 14:08:59,399 INFO scheduler Scheduled Job Complete: frappe.monitor.flush for atualli.local
2021-07-26 14:08:59,565 INFO scheduler Scheduled Job Start: frappe.utils.global_search.sync_global_search for atualli.local
2021-07-26 14:09:00,094 INFO scheduler Scheduled Job Complete: frappe.utils.global_search.sync_global_search for atualli.local
2021-07-26 14:09:00,266 INFO scheduler Scheduled Job Start: frappe.integrations.doctype.razorpay_settings.razorpay_settings.capture_payment for atualli.local
2021-07-26 14:09:01,034 INFO scheduler Scheduled Job Complete: frappe.integrations.doctype.razorpay_settings.razorpay_settings.capture_payment for atualli.local
2021-07-26 14:09:01,121 INFO scheduler Scheduled Job Start: frappe.email.doctype.email_account.email_account.notify_unreplied for atualli.local
2021-07-26 14:09:01,920 INFO scheduler Scheduled Job Complete: frappe.email.doctype.email_account.email_account.notify_unreplied for atualli.local
2021-07-26 14:09:02,110 INFO scheduler Scheduled Job Start: frappe.email.doctype.email_account.email_account.pull for atualli.local
2021-07-26 14:09:02,889 INFO scheduler Scheduled Job Complete: frappe.email.doctype.email_account.email_account.pull for atualli.local
2021-07-26 14:09:03,057 INFO scheduler Scheduled Job Start: frappe.email.queue.flush for atualli.local
2021-07-26 14:09:03,765 INFO scheduler Scheduled Job Complete: frappe.email.queue.flush for atualli.local
2021-07-26 14:09:59,186 DEBUG scheduler Queued events for site atualli.local
2021-07-26 14:10:59,588 DEBUG scheduler Queued events for site atualli.local
2021-07-26 14:11:59,817 DEBUG scheduler Queued events for site atualli.local
2021-07-26 14:13:00,232 DEBUG scheduler Queued events for site atualli.local
2021-07-26 14:13:00,331 INFO scheduler Scheduled Job Start: frappe.monitor.flush for atualli.local
2021-07-26 14:13:00,883 INFO scheduler Scheduled Job Complete: frappe.monitor.flush for atualli.local
2021-07-26 14:13:01,039 INFO scheduler Scheduled Job Start: frappe.utils.global_search.sync_global_search for atualli.local
2021-07-26 14:13:01,551 INFO scheduler Scheduled Job Complete: frappe.utils.global_search.sync_global_search for atualli.local
2021-07-26 14:13:01,688 INFO scheduler Scheduled Job Start: frappe.integrations.doctype.razorpay_settings.razorpay_settings.capture_payment for atualli.local
2021-07-26 14:13:02,534 INFO scheduler Scheduled Job Complete: frappe.integrations.doctype.razorpay_settings.razorpay_settings.capture_payment for atualli.local
2021-07-26 14:13:02,699 INFO scheduler Scheduled Job Start: frappe.email.doctype.email_account.email_account.notify_unreplied for atualli.local
2021-07-26 14:13:03,309 INFO scheduler Scheduled Job Complete: frappe.email.doctype.email_account.email_account.notify_unreplied for atualli.local
2021-07-26 14:13:03,477 INFO scheduler Scheduled Job Start: frappe.email.doctype.email_account.email_account.pull for atualli.local
2021-07-26 14:13:04,204 INFO scheduler Scheduled Job Complete: frappe.email.doctype.email_account.email_account.pull for atualli.local
2021-07-26 14:13:04,366 INFO scheduler Scheduled Job Start: frappe.email.queue.flush for atualli.local
2021-07-26 14:13:04,966 INFO scheduler Scheduled Job Complete: frappe.email.queue.flush for atualli.local
2021-07-26 14:14:00,582 DEBUG scheduler Queued events for site atualli.local
2021-07-26 14:15:00,836 DEBUG scheduler Queued events for site atualli.local
2021-07-26 14:15:00,904 INFO scheduler Scheduled Job Start: frappe.twofactor.delete_all_barcodes_for_users for atualli.local
2021-07-26 14:15:01,481 INFO scheduler Scheduled Job Complete: frappe.twofactor.delete_all_barcodes_for_users for atualli.local
2021-07-26 14:15:01,581 INFO scheduler Scheduled Job Start: frappe.website.doctype.web_page.web_page.check_publish_status for atualli.local
2021-07-26 14:15:02,416 INFO scheduler Scheduled Job Complete: frappe.website.doctype.web_page.web_page.check_publish_status for atualli.local
2021-07-26 14:15:02,544 INFO scheduler Scheduled Job Start: frappe.oauth.delete_oauth2_data for atualli.local
2021-07-26 14:15:03,040 INFO scheduler Scheduled Job Complete: frappe.oauth.delete_oauth2_data for atualli.local
2021-07-26 14:16:01,334 DEBUG scheduler Queued events for site atualli.local
2021-07-26 14:16:01,450 INFO scheduler Scheduled Job Start: frappe.monitor.flush for atualli.local
2021-07-26 14:16:02,142 INFO scheduler Scheduled Job Complete: frappe.monitor.flush for atualli.local
2021-07-26 14:16:02,397 INFO scheduler Scheduled Job Start: frappe.utils.global_search.sync_global_search for atualli.local
2021-07-26 14:16:03,169 INFO scheduler Scheduled Job Complete: frappe.utils.global_search.sync_global_search for atualli.local
2021-07-26 14:16:03,333 INFO scheduler Scheduled Job Start: frappe.integrations.doctype.razorpay_settings.razorpay_settings.capture_payment for atualli.local
2021-07-26 14:16:04,386 INFO scheduler Scheduled Job Complete: frappe.integrations.doctype.razorpay_settings.razorpay_settings.capture_payment for atualli.local
2021-07-26 14:16:04,535 INFO scheduler Scheduled Job Start: frappe.email.doctype.email_account.email_account.notify_unreplied for atualli.local
2021-07-26 14:16:05,500 INFO scheduler Scheduled Job Complete: frappe.email.doctype.email_account.email_account.notify_unreplied for atualli.local
2021-07-26 14:16:05,706 INFO scheduler Scheduled Job Start: frappe.email.doctype.email_account.email_account.pull for atualli.local
2021-07-26 14:16:06,630 INFO scheduler Scheduled Job Complete: frappe.email.doctype.email_account.email_account.pull for atualli.local
2021-07-26 14:16:06,815 INFO scheduler Scheduled Job Start: frappe.email.queue.flush for atualli.local
2021-07-26 14:16:07,674 INFO scheduler Scheduled Job Complete: frappe.email.queue.flush for atualli.local
2021-07-26 14:17:01,800 DEBUG scheduler Queued events for site atualli.local
2021-07-26 14:18:02,241 DEBUG scheduler Queued events for site atualli.local
2021-07-26 14:19:02,581 DEBUG scheduler Queued events for site atualli.local
2021-07-26 14:20:03,082 DEBUG scheduler Queued events for site atualli.local
2021-07-26 14:20:03,114 INFO scheduler Scheduled Job Start: frappe.monitor.flush for atualli.local
2021-07-26 14:20:03,736 INFO scheduler Scheduled Job Complete: frappe.monitor.flush for atualli.local
2021-07-26 14:20:03,888 INFO scheduler Scheduled Job Start: frappe.utils.global_search.sync_global_search for atualli.local
2021-07-26 14:20:04,553 INFO scheduler Scheduled Job Complete: frappe.utils.global_search.sync_global_search for atualli.local
2021-07-26 14:20:04,714 INFO scheduler Scheduled Job Start: frappe.integrations.doctype.razorpay_settings.razorpay_settings.capture_payment for atualli.local
2021-07-26 14:20:05,625 INFO scheduler Scheduled Job Complete: frappe.integrations.doctype.razorpay_settings.razorpay_settings.capture_payment for atualli.local
2021-07-26 14:20:05,793 INFO scheduler Scheduled Job Start: frappe.email.doctype.email_account.email_account.notify_unreplied for atualli.local
2021-07-26 14:20:06,448 INFO scheduler Scheduled Job Complete: frappe.email.doctype.email_account.email_account.notify_unreplied for atualli.local
2021-07-26 14:20:06,600 INFO scheduler Scheduled Job Start: frappe.email.doctype.email_account.email_account.pull for atualli.local
2021-07-26 14:20:07,382 INFO scheduler Scheduled Job Complete: frappe.email.doctype.email_account.email_account.pull for atualli.local
2021-07-26 14:20:07,547 INFO scheduler Scheduled Job Start: frappe.email.queue.flush for atualli.local
2021-07-26 14:20:08,310 INFO scheduler Scheduled Job Complete: frappe.email.queue.flush for atualli.local
2021-07-26 14:21:03,519 DEBUG scheduler Queued events for site atualli.local
2021-07-26 14:22:03,867 DEBUG scheduler Queued events for site atualli.local
2021-07-26 14:23:04,275 DEBUG scheduler Queued events for site atualli.local
2021-07-26 14:24:04,809 DEBUG scheduler Queued events for site atualli.local
2021-07-26 14:24:04,879 INFO scheduler Scheduled Job Start: frappe.monitor.flush for atualli.local
2021-07-26 14:24:05,493 INFO scheduler Scheduled Job Complete: frappe.monitor.flush for atualli.local
2021-07-26 14:24:05,666 INFO scheduler Scheduled Job Start: frappe.utils.global_search.sync_global_search for atualli.local
2021-07-26 14:24:06,233 INFO scheduler Scheduled Job Complete: frappe.utils.global_search.sync_global_search for atualli.local
2021-07-26 14:24:06,408 INFO scheduler Scheduled Job Start: frappe.integrations.doctype.razorpay_settings.razorpay_settings.capture_payment for atualli.local
2021-07-26 14:24:07,288 INFO scheduler Scheduled Job Complete: frappe.integrations.doctype.razorpay_settings.razorpay_settings.capture_payment for atualli.local
2021-07-26 14:24:07,460 INFO scheduler Scheduled Job Start: frappe.email.doctype.email_account.email_account.notify_unreplied for atualli.local
2021-07-26 14:24:08,233 INFO scheduler Scheduled Job Complete: frappe.email.doctype.email_account.email_account.notify_unreplied for atualli.local
2021-07-26 14:24:08,433 INFO scheduler Scheduled Job Start: frappe.email.doctype.email_account.email_account.pull for atualli.local
2021-07-26 14:24:09,180 INFO scheduler Scheduled Job Complete: frappe.email.doctype.email_account.email_account.pull for atualli.local
2021-07-26 14:24:09,374 INFO scheduler Scheduled Job Start: frappe.email.queue.flush for atualli.local
2021-07-26 14:24:10,023 INFO scheduler Scheduled Job Complete: frappe.email.queue.flush for atualli.local
2021-07-26 14:25:05,188 DEBUG scheduler Queued events for site atualli.local
2021-07-26 14:26:05,577 DEBUG scheduler Queued events for site atualli.local
2021-07-26 14:27:06,050 DEBUG scheduler Queued events for site atualli.local
2021-07-26 14:28:06,329 DEBUG scheduler Queued events for site atualli.local
2021-07-26 14:28:06,369 INFO scheduler Scheduled Job Start: frappe.monitor.flush for atualli.local
2021-07-26 14:28:06,701 INFO scheduler Scheduled Job Complete: frappe.monitor.flush for atualli.local
2021-07-26 14:28:06,802 INFO scheduler Scheduled Job Start: frappe.utils.global_search.sync_global_search for atualli.local
2021-07-26 14:28:07,134 INFO scheduler Scheduled Job Complete: frappe.utils.global_search.sync_global_search for atualli.local
2021-07-26 14:28:07,231 INFO scheduler Scheduled Job Start: frappe.integrations.doctype.razorpay_settings.razorpay_settings.capture_payment for atualli.local
2021-07-26 14:28:07,689 INFO scheduler Scheduled Job Complete: frappe.integrations.doctype.razorpay_settings.razorpay_settings.capture_payment for atualli.local
2021-07-26 14:28:07,781 INFO scheduler Scheduled Job Start: frappe.email.doctype.email_account.email_account.notify_unreplied for atualli.local
2021-07-26 14:28:08,192 INFO scheduler Scheduled Job Complete: frappe.email.doctype.email_account.email_account.notify_unreplied for atualli.local
2021-07-26 14:28:08,282 INFO scheduler Scheduled Job Start: frappe.email.doctype.email_account.email_account.pull for atualli.local
2021-07-26 14:28:08,706 INFO scheduler Scheduled Job Complete: frappe.email.doctype.email_account.email_account.pull for atualli.local
2021-07-26 14:28:08,796 INFO scheduler Scheduled Job Start: frappe.email.queue.flush for atualli.local
2021-07-26 14:28:09,176 INFO scheduler Scheduled Job Complete: frappe.email.queue.flush for atualli.local
2021-07-26 14:29:06,574 DEBUG scheduler Queued events for site atualli.local
2021-07-26 14:30:06,824 DEBUG scheduler Queued events for site atualli.local
2021-07-26 14:30:06,896 INFO scheduler Scheduled Job Start: frappe.twofactor.delete_all_barcodes_for_users for atualli.local
2021-07-26 14:30:07,418 INFO scheduler Scheduled Job Complete: frappe.twofactor.delete_all_barcodes_for_users for atualli.local
2021-07-26 14:30:07,529 INFO scheduler Scheduled Job Start: frappe.website.doctype.web_page.web_page.check_publish_status for atualli.local
2021-07-26 14:30:08,109 INFO scheduler Scheduled Job Complete: frappe.website.doctype.web_page.web_page.check_publish_status for atualli.local
2021-07-26 14:30:08,233 INFO scheduler Scheduled Job Start: frappe.oauth.delete_oauth2_data for atualli.local
2021-07-26 14:30:08,726 INFO scheduler Scheduled Job Complete: frappe.oauth.delete_oauth2_data for atualli.local
2021-07-26 14:31:07,072 DEBUG scheduler Queued events for site atualli.local
2021-07-26 14:32:07,348 DEBUG scheduler Queued events for site atualli.local
2021-07-26 14:32:07,390 INFO scheduler Scheduled Job Start: frappe.monitor.flush for atualli.local
2021-07-26 14:32:07,727 INFO scheduler Scheduled Job Complete: frappe.monitor.flush for atualli.local
2021-07-26 14:32:07,828 INFO scheduler Scheduled Job Start: frappe.utils.global_search.sync_global_search for atualli.local
2021-07-26 14:32:08,178 INFO scheduler Scheduled Job Complete: frappe.utils.global_search.sync_global_search for atualli.local
2021-07-26 14:32:08,269 INFO scheduler Scheduled Job Start: frappe.integrations.doctype.razorpay_settings.razorpay_settings.capture_payment for atualli.local
2021-07-26 14:32:08,774 INFO scheduler Scheduled Job Complete: frappe.integrations.doctype.razorpay_settings.razorpay_settings.capture_payment for atualli.local
2021-07-26 14:32:08,863 INFO scheduler Scheduled Job Start: frappe.email.doctype.email_account.email_account.notify_unreplied for atualli.local
2021-07-26 14:32:09,282 INFO scheduler Scheduled Job Complete: frappe.email.doctype.email_account.email_account.notify_unreplied for atualli.local
2021-07-26 14:32:09,381 INFO scheduler Scheduled Job Start: frappe.email.doctype.email_account.email_account.pull for atualli.local
2021-07-26 14:32:09,796 INFO scheduler Scheduled Job Complete: frappe.email.doctype.email_account.email_account.pull for atualli.local
2021-07-26 14:32:09,888 INFO scheduler Scheduled Job Start: frappe.email.queue.flush for atualli.local
2021-07-26 14:32:10,245 INFO scheduler Scheduled Job Complete: frappe.email.queue.flush for atualli.local
2021-07-26 14:33:07,582 DEBUG scheduler Queued events for site atualli.local
2021-07-26 14:34:07,823 DEBUG scheduler Queued events for site atualli.local
2021-07-26 14:35:08,051 DEBUG scheduler Queued events for site atualli.local
2021-07-26 14:36:08,325 DEBUG scheduler Queued events for site atualli.local
2021-07-26 14:36:08,357 INFO scheduler Scheduled Job Start: frappe.monitor.flush for atualli.local
2021-07-26 14:36:08,695 INFO scheduler Scheduled Job Complete: frappe.monitor.flush for atualli.local
2021-07-26 14:36:08,793 INFO scheduler Scheduled Job Start: frappe.utils.global_search.sync_global_search for atualli.local
2021-07-26 14:36:09,136 INFO scheduler Scheduled Job Complete: frappe.utils.global_search.sync_global_search for atualli.local
2021-07-26 14:36:09,237 INFO scheduler Scheduled Job Start: frappe.integrations.doctype.razorpay_settings.razorpay_settings.capture_payment for atualli.local
2021-07-26 14:36:09,706 INFO scheduler Scheduled Job Complete: frappe.integrations.doctype.razorpay_settings.razorpay_settings.capture_payment for atualli.local
2021-07-26 14:36:09,801 INFO scheduler Scheduled Job Start: frappe.email.doctype.email_account.email_account.notify_unreplied for atualli.local
2021-07-26 14:36:10,203 INFO scheduler Scheduled Job Complete: frappe.email.doctype.email_account.email_account.notify_unreplied for atualli.local
2021-07-26 14:36:10,294 INFO scheduler Scheduled Job Start: frappe.email.doctype.email_account.email_account.pull for atualli.local
2021-07-26 14:36:10,715 INFO scheduler Scheduled Job Complete: frappe.email.doctype.email_account.email_account.pull for atualli.local
2021-07-26 14:36:10,808 INFO scheduler Scheduled Job Start: frappe.email.queue.flush for atualli.local
2021-07-26 14:36:11,190 INFO scheduler Scheduled Job Complete: frappe.email.queue.flush for atualli.local
2021-07-26 14:37:08,601 DEBUG scheduler Queued events for site atualli.local
2021-07-26 14:38:08,843 DEBUG scheduler Queued events for site atualli.local
2021-07-26 14:39:09,078 DEBUG scheduler Queued events for site atualli.local
2021-07-26 14:40:09,358 DEBUG scheduler Queued events for site atualli.local
2021-07-26 14:40:09,400 INFO scheduler Scheduled Job Start: frappe.monitor.flush for atualli.local
2021-07-26 14:40:09,746 INFO scheduler Scheduled Job Complete: frappe.monitor.flush for atualli.local
2021-07-26 14:40:09,848 INFO scheduler Scheduled Job Start: frappe.utils.global_search.sync_global_search for atualli.local
2021-07-26 14:40:10,182 INFO scheduler Scheduled Job Complete: frappe.utils.global_search.sync_global_search for atualli.local
2021-07-26 14:40:10,278 INFO scheduler Scheduled Job Start: frappe.integrations.doctype.razorpay_settings.razorpay_settings.capture_payment for atualli.local
2021-07-26 14:40:10,783 INFO scheduler Scheduled Job Complete: frappe.integrations.doctype.razorpay_settings.razorpay_settings.capture_payment for atualli.local
2021-07-26 14:40:10,874 INFO scheduler Scheduled Job Start: frappe.email.doctype.email_account.email_account.notify_unreplied for atualli.local
2021-07-26 14:40:11,296 INFO scheduler Scheduled Job Complete: frappe.email.doctype.email_account.email_account.notify_unreplied for atualli.local
2021-07-26 14:40:11,389 INFO scheduler Scheduled Job Start: frappe.email.doctype.email_account.email_account.pull for atualli.local
2021-07-26 14:40:11,813 INFO scheduler Scheduled Job Complete: frappe.email.doctype.email_account.email_account.pull for atualli.local
2021-07-26 14:40:11,905 INFO scheduler Scheduled Job Start: frappe.email.queue.flush for atualli.local
2021-07-26 14:40:12,284 INFO scheduler Scheduled Job Complete: frappe.email.queue.flush for atualli.local
2021-07-26 14:41:09,643 DEBUG scheduler Queued events for site atualli.local
2021-07-26 14:42:10,026 DEBUG scheduler Queued events for site atualli.local
2021-07-26 14:43:10,332 DEBUG scheduler Queued events for site atualli.local
2021-07-26 14:44:10,748 DEBUG scheduler Queued events for site atualli.local
2021-07-26 14:44:10,842 INFO scheduler Scheduled Job Start: frappe.monitor.flush for atualli.local
2021-07-26 14:44:11,293 INFO scheduler Scheduled Job Complete: frappe.monitor.flush for atualli.local
2021-07-26 14:44:11,387 INFO scheduler Scheduled Job Start: frappe.utils.global_search.sync_global_search for atualli.local
2021-07-26 14:44:11,759 INFO scheduler Scheduled Job Complete: frappe.utils.global_search.sync_global_search for atualli.local
2021-07-26 14:44:11,887 INFO scheduler Scheduled Job Start: frappe.integrations.doctype.razorpay_settings.razorpay_settings.capture_payment for atualli.local
2021-07-26 14:44:12,505 INFO scheduler Scheduled Job Complete: frappe.integrations.doctype.razorpay_settings.razorpay_settings.capture_payment for atualli.local
2021-07-26 14:44:12,703 INFO scheduler Scheduled Job Start: frappe.email.doctype.email_account.email_account.notify_unreplied for atualli.local
2021-07-26 14:44:13,218 INFO scheduler Scheduled Job Complete: frappe.email.doctype.email_account.email_account.notify_unreplied for atualli.local
2021-07-26 14:44:13,316 INFO scheduler Scheduled Job Start: frappe.email.doctype.email_account.email_account.pull for atualli.local
2021-07-26 14:44:13,786 INFO scheduler Scheduled Job Complete: frappe.email.doctype.email_account.email_account.pull for atualli.local
2021-07-26 14:44:13,880 INFO scheduler Scheduled Job Start: frappe.email.queue.flush for atualli.local
2021-07-26 14:44:14,268 INFO scheduler Scheduled Job Complete: frappe.email.queue.flush for atualli.local
2021-07-26 14:45:11,100 DEBUG scheduler Queued events for site atualli.local
2021-07-26 14:45:11,171 INFO scheduler Scheduled Job Start: frappe.twofactor.delete_all_barcodes_for_users for atualli.local
2021-07-26 14:45:11,709 INFO scheduler Scheduled Job Complete: frappe.twofactor.delete_all_barcodes_for_users for atualli.local
2021-07-26 14:45:11,821 INFO scheduler Scheduled Job Start: frappe.website.doctype.web_page.web_page.check_publish_status for atualli.local
2021-07-26 14:45:12,481 INFO scheduler Scheduled Job Complete: frappe.website.doctype.web_page.web_page.check_publish_status for atualli.local
2021-07-26 14:45:12,589 INFO scheduler Scheduled Job Start: frappe.oauth.delete_oauth2_data for atualli.local
2021-07-26 14:45:13,327 INFO scheduler Scheduled Job Complete: frappe.oauth.delete_oauth2_data for atualli.local
2021-07-26 14:46:11,330 DEBUG scheduler Queued events for site atualli.local
2021-07-26 14:47:11,557 DEBUG scheduler Queued events for site atualli.local
2021-07-26 14:48:11,910 DEBUG scheduler Queued events for site atualli.local
2021-07-26 14:48:11,943 INFO scheduler Scheduled Job Start: frappe.monitor.flush for atualli.local
2021-07-26 14:48:12,295 INFO scheduler Scheduled Job Complete: frappe.monitor.flush for atualli.local
2021-07-26 14:48:12,392 INFO scheduler Scheduled Job Start: frappe.utils.global_search.sync_global_search for atualli.local
2021-07-26 14:48:12,744 INFO scheduler Scheduled Job Complete: frappe.utils.global_search.sync_global_search for atualli.local
2021-07-26 14:48:12,837 INFO scheduler Scheduled Job Start: frappe.integrations.doctype.razorpay_settings.razorpay_settings.capture_payment for atualli.local
2021-07-26 14:48:13,436 INFO scheduler Scheduled Job Complete: frappe.integrations.doctype.razorpay_settings.razorpay_settings.capture_payment for atualli.local
2021-07-26 14:48:13,526 INFO scheduler Scheduled Job Start: frappe.email.doctype.email_account.email_account.notify_unreplied for atualli.local
2021-07-26 14:48:13,957 INFO scheduler Scheduled Job Complete: frappe.email.doctype.email_account.email_account.notify_unreplied for atualli.local
2021-07-26 14:48:14,054 INFO scheduler Scheduled Job Start: frappe.email.doctype.email_account.email_account.pull for atualli.local
2021-07-26 14:48:14,645 INFO scheduler Scheduled Job Complete: frappe.email.doctype.email_account.email_account.pull for atualli.local
2021-07-26 14:48:14,735 INFO scheduler Scheduled Job Start: frappe.email.queue.flush for atualli.local
2021-07-26 14:48:15,150 INFO scheduler Scheduled Job Complete: frappe.email.queue.flush for atualli.local
2021-07-26 14:49:12,143 DEBUG scheduler Queued events for site atualli.local
2021-07-26 14:50:12,390 DEBUG scheduler Queued events for site atualli.local
2021-07-26 14:51:12,748 DEBUG scheduler Queued events for site atualli.local
2021-07-26 14:52:13,035 DEBUG scheduler Queued events for site atualli.local
2021-07-26 14:52:13,080 INFO scheduler Scheduled Job Start: frappe.monitor.flush for atualli.local
2021-07-26 14:52:13,415 INFO scheduler Scheduled Job Complete: frappe.monitor.flush for atualli.local
2021-07-26 14:52:13,525 INFO scheduler Scheduled Job Start: frappe.utils.global_search.sync_global_search for atualli.local
2021-07-26 14:52:13,864 INFO scheduler Scheduled Job Complete: frappe.utils.global_search.sync_global_search for atualli.local
2021-07-26 14:52:13,961 INFO scheduler Scheduled Job Start: frappe.integrations.doctype.razorpay_settings.razorpay_settings.capture_payment for atualli.local
2021-07-26 14:52:14,459 INFO scheduler Scheduled Job Complete: frappe.integrations.doctype.razorpay_settings.razorpay_settings.capture_payment for atualli.local
2021-07-26 14:52:14,552 INFO scheduler Scheduled Job Start: frappe.email.doctype.email_account.email_account.notify_unreplied for atualli.local
2021-07-26 14:52:14,957 INFO scheduler Scheduled Job Complete: frappe.email.doctype.email_account.email_account.notify_unreplied for atualli.local
2021-07-26 14:52:15,050 INFO scheduler Scheduled Job Start: frappe.email.doctype.email_account.email_account.pull for atualli.local
2021-07-26 14:52:15,469 INFO scheduler Scheduled Job Complete: frappe.email.doctype.email_account.email_account.pull for atualli.local
2021-07-26 14:52:15,554 INFO scheduler Scheduled Job Start: frappe.email.queue.flush for atualli.local
2021-07-26 14:52:15,928 INFO scheduler Scheduled Job Complete: frappe.email.queue.flush for atualli.local
2021-07-26 14:53:13,277 DEBUG scheduler Queued events for site atualli.local
2021-07-26 14:54:13,517 DEBUG scheduler Queued events for site atualli.local
2021-07-26 14:55:13,766 DEBUG scheduler Queued events for site atualli.local
2021-07-26 14:56:14,045 DEBUG scheduler Queued events for site atualli.local
2021-07-26 14:56:14,086 INFO scheduler Scheduled Job Start: frappe.monitor.flush for atualli.local
2021-07-26 14:56:14,402 INFO scheduler Scheduled Job Complete: frappe.monitor.flush for atualli.local
2021-07-26 14:56:14,489 INFO scheduler Scheduled Job Start: frappe.utils.global_search.sync_global_search for atualli.local
2021-07-26 14:56:14,845 INFO scheduler Scheduled Job Complete: frappe.utils.global_search.sync_global_search for atualli.local
2021-07-26 14:56:14,941 INFO scheduler Scheduled Job Start: frappe.integrations.doctype.razorpay_settings.razorpay_settings.capture_payment for atualli.local
2021-07-26 14:56:15,435 INFO scheduler Scheduled Job Complete: frappe.integrations.doctype.razorpay_settings.razorpay_settings.capture_payment for atualli.local
2021-07-26 14:56:15,525 INFO scheduler Scheduled Job Start: frappe.email.doctype.email_account.email_account.notify_unreplied for atualli.local
2021-07-26 14:56:15,932 INFO scheduler Scheduled Job Complete: frappe.email.doctype.email_account.email_account.notify_unreplied for atualli.local
2021-07-26 14:56:16,023 INFO scheduler Scheduled Job Start: frappe.email.doctype.email_account.email_account.pull for atualli.local
2021-07-26 14:56:16,504 INFO scheduler Scheduled Job Complete: frappe.email.doctype.email_account.email_account.pull for atualli.local
2021-07-26 14:56:16,613 INFO scheduler Scheduled Job Start: frappe.email.queue.flush for atualli.local
2021-07-26 14:56:17,067 INFO scheduler Scheduled Job Complete: frappe.email.queue.flush for atualli.local
2021-07-26 14:57:14,295 DEBUG scheduler Queued events for site atualli.local
2021-07-26 14:58:14,529 DEBUG scheduler Queued events for site atualli.local
2021-07-26 14:59:14,775 DEBUG scheduler Queued events for site atualli.local
2021-07-26 15:00:15,051 INFO scheduler Scheduled Job Start: frappe.email.doctype.newsletter.newsletter.send_scheduled_email for atualli.local
2021-07-26 15:00:15,107 DEBUG scheduler Queued events for site atualli.local
2021-07-26 15:00:15,619 INFO scheduler Scheduled Job Complete: frappe.email.doctype.newsletter.newsletter.send_scheduled_email for atualli.local
2021-07-26 15:00:15,715 INFO scheduler Scheduled Job Start: frappe.integrations.doctype.google_calendar.google_calendar.sync for atualli.local
2021-07-26 15:00:16,416 INFO scheduler Scheduled Job Complete: frappe.integrations.doctype.google_calendar.google_calendar.sync for atualli.local
2021-07-26 15:00:16,533 INFO scheduler Scheduled Job Start: frappe.desk.form.document_follow.send_hourly_updates for atualli.local
2021-07-26 15:00:16,967 INFO scheduler Scheduled Job Complete: frappe.desk.form.document_follow.send_hourly_updates for atualli.local
2021-07-26 15:00:17,064 INFO scheduler Scheduled Job Start: frappe.deferred_insert.save_to_db for atualli.local
2021-07-26 15:00:17,555 INFO scheduler Scheduled Job Complete: frappe.deferred_insert.save_to_db for atualli.local
2021-07-26 15:00:17,652 INFO scheduler Scheduled Job Start: frappe.desk.page.backups.backups.delete_downloadable_backups for atualli.local
2021-07-26 15:00:18,151 INFO scheduler Scheduled Job Complete: frappe.desk.page.backups.backups.delete_downloadable_backups for atualli.local
2021-07-26 15:00:18,246 INFO scheduler Scheduled Job Start: frappe.utils.error.collect_error_snapshots for atualli.local
2021-07-26 15:00:18,675 INFO scheduler Scheduled Job Complete: frappe.utils.error.collect_error_snapshots for atualli.local
2021-07-26 15:00:18,773 INFO scheduler Scheduled Job Start: frappe.model.utils.user_settings.sync_user_settings for atualli.local
2021-07-26 15:00:19,203 INFO scheduler Scheduled Job Complete: frappe.model.utils.user_settings.sync_user_settings for atualli.local
2021-07-26 15:00:19,301 INFO scheduler Scheduled Job Start: frappe.model.utils.link_count.update_link_count for atualli.local
2021-07-26 15:00:19,821 INFO scheduler Scheduled Job Complete: frappe.model.utils.link_count.update_link_count for atualli.local
2021-07-26 15:00:19,963 INFO scheduler Scheduled Job Start: frappe.monitor.flush for atualli.local
2021-07-26 15:00:20,319 INFO scheduler Scheduled Job Complete: frappe.monitor.flush for atualli.local
2021-07-26 15:00:20,410 INFO scheduler Scheduled Job Start: frappe.utils.global_search.sync_global_search for atualli.local
2021-07-26 15:00:20,735 INFO scheduler Scheduled Job Complete: frappe.utils.global_search.sync_global_search for atualli.local
2021-07-26 15:00:20,824 INFO scheduler Scheduled Job Start: frappe.integrations.doctype.razorpay_settings.razorpay_settings.capture_payment for atualli.local
2021-07-26 15:00:21,371 INFO scheduler Scheduled Job Complete: frappe.integrations.doctype.razorpay_settings.razorpay_settings.capture_payment for atualli.local
2021-07-26 15:00:21,476 INFO scheduler Scheduled Job Start: frappe.email.doctype.email_account.email_account.notify_unreplied for atualli.local
2021-07-26 15:00:21,929 INFO scheduler Scheduled Job Complete: frappe.email.doctype.email_account.email_account.notify_unreplied for atualli.local
2021-07-26 15:00:22,017 INFO scheduler Scheduled Job Start: frappe.email.doctype.email_account.email_account.pull for atualli.local
2021-07-26 15:00:22,424 INFO scheduler Scheduled Job Complete: frappe.email.doctype.email_account.email_account.pull for atualli.local
2021-07-26 15:00:22,510 INFO scheduler Scheduled Job Start: frappe.email.queue.flush for atualli.local
2021-07-26 15:00:22,886 INFO scheduler Scheduled Job Complete: frappe.email.queue.flush for atualli.local
2021-07-26 15:00:22,972 INFO scheduler Scheduled Job Start: frappe.twofactor.delete_all_barcodes_for_users for atualli.local
2021-07-26 15:00:23,456 INFO scheduler Scheduled Job Complete: frappe.twofactor.delete_all_barcodes_for_users for atualli.local
2021-07-26 15:00:23,552 INFO scheduler Scheduled Job Start: frappe.website.doctype.web_page.web_page.check_publish_status for atualli.local
2021-07-26 15:00:24,103 INFO scheduler Scheduled Job Complete: frappe.website.doctype.web_page.web_page.check_publish_status for atualli.local
2021-07-26 15:00:24,199 INFO scheduler Scheduled Job Start: frappe.oauth.delete_oauth2_data for atualli.local
2021-07-26 15:00:24,667 INFO scheduler Scheduled Job Complete: frappe.oauth.delete_oauth2_data for atualli.local
2021-07-26 15:01:15,347 DEBUG scheduler Queued events for site atualli.local
2021-07-26 15:02:15,586 DEBUG scheduler Queued events for site atualli.local
2021-07-26 15:03:15,950 DEBUG scheduler Queued events for site atualli.local
2021-07-26 15:04:16,362 DEBUG scheduler Queued events for site atualli.local
2021-07-26 15:04:16,465 INFO scheduler Scheduled Job Start: frappe.monitor.flush for atualli.local
2021-07-26 15:04:17,001 INFO scheduler Scheduled Job Complete: frappe.monitor.flush for atualli.local
2021-07-26 15:04:17,173 INFO scheduler Scheduled Job Start: frappe.utils.global_search.sync_global_search for atualli.local
2021-07-26 15:04:17,722 INFO scheduler Scheduled Job Complete: frappe.utils.global_search.sync_global_search for atualli.local
2021-07-26 15:04:17,884 INFO scheduler Scheduled Job Start: frappe.integrations.doctype.razorpay_settings.razorpay_settings.capture_payment for atualli.local
2021-07-26 15:04:18,729 INFO scheduler Scheduled Job Complete: frappe.integrations.doctype.razorpay_settings.razorpay_settings.capture_payment for atualli.local
2021-07-26 15:04:18,879 INFO scheduler Scheduled Job Start: frappe.email.doctype.email_account.email_account.notify_unreplied for atualli.local
2021-07-26 15:04:19,623 INFO scheduler Scheduled Job Complete: frappe.email.doctype.email_account.email_account.notify_unreplied for atualli.local
2021-07-26 15:04:19,782 INFO scheduler Scheduled Job Start: frappe.email.doctype.email_account.email_account.pull for atualli.local
2021-07-26 15:04:20,492 INFO scheduler Scheduled Job Complete: frappe.email.doctype.email_account.email_account.pull for atualli.local
2021-07-26 15:04:20,657 INFO scheduler Scheduled Job Start: frappe.email.queue.flush for atualli.local
2021-07-26 15:04:21,292 INFO scheduler Scheduled Job Complete: frappe.email.queue.flush for atualli.local
2021-07-26 15:05:16,726 DEBUG scheduler Queued events for site atualli.local
2021-07-26 15:06:17,081 DEBUG scheduler Queued events for site atualli.local
2021-07-26 15:07:17,475 DEBUG scheduler Queued events for site atualli.local
2021-07-26 15:08:17,940 DEBUG scheduler Queued events for site atualli.local
2021-07-26 15:08:17,993 INFO scheduler Scheduled Job Start: frappe.monitor.flush for atualli.local
2021-07-26 15:08:18,574 INFO scheduler Scheduled Job Complete: frappe.monitor.flush for atualli.local
2021-07-26 15:08:18,726 INFO scheduler Scheduled Job Start: frappe.utils.global_search.sync_global_search for atualli.local
2021-07-26 15:08:19,305 INFO scheduler Scheduled Job Complete: frappe.utils.global_search.sync_global_search for atualli.local
2021-07-26 15:08:19,487 INFO scheduler Scheduled Job Start: frappe.integrations.doctype.razorpay_settings.razorpay_settings.capture_payment for atualli.local
2021-07-26 15:08:20,301 INFO scheduler Scheduled Job Complete: frappe.integrations.doctype.razorpay_settings.razorpay_settings.capture_payment for atualli.local
2021-07-26 15:08:20,455 INFO scheduler Scheduled Job Start: frappe.email.doctype.email_account.email_account.notify_unreplied for atualli.local
2021-07-26 15:08:21,146 INFO scheduler Scheduled Job Complete: frappe.email.doctype.email_account.email_account.notify_unreplied for atualli.local
2021-07-26 15:08:21,310 INFO scheduler Scheduled Job Start: frappe.email.doctype.email_account.email_account.pull for atualli.local
2021-07-26 15:08:22,035 INFO scheduler Scheduled Job Complete: frappe.email.doctype.email_account.email_account.pull for atualli.local
2021-07-26 15:08:22,203 INFO scheduler Scheduled Job Start: frappe.email.queue.flush for atualli.local
2021-07-26 15:08:22,891 INFO scheduler Scheduled Job Complete: frappe.email.queue.flush for atualli.local
2021-07-26 15:09:18,299 DEBUG scheduler Queued events for site atualli.local
2021-07-26 15:10:18,660 DEBUG scheduler Queued events for site atualli.local
2021-07-26 15:11:19,042 DEBUG scheduler Queued events for site atualli.local
2021-07-26 15:12:19,448 DEBUG scheduler Queued events for site atualli.local
2021-07-26 15:12:19,530 INFO scheduler Scheduled Job Start: frappe.monitor.flush for atualli.local
2021-07-26 15:12:20,080 INFO scheduler Scheduled Job Complete: frappe.monitor.flush for atualli.local
2021-07-26 15:12:20,379 INFO scheduler Scheduled Job Start: frappe.utils.global_search.sync_global_search for atualli.local
2021-07-26 15:12:20,979 INFO scheduler Scheduled Job Complete: frappe.utils.global_search.sync_global_search for atualli.local
2021-07-26 15:12:21,224 INFO scheduler Scheduled Job Start: frappe.integrations.doctype.razorpay_settings.razorpay_settings.capture_payment for atualli.local
2021-07-26 15:12:22,071 INFO scheduler Scheduled Job Complete: frappe.integrations.doctype.razorpay_settings.razorpay_settings.capture_payment for atualli.local
2021-07-26 15:12:22,239 INFO scheduler Scheduled Job Start: frappe.email.doctype.email_account.email_account.notify_unreplied for atualli.local
2021-07-26 15:12:22,960 INFO scheduler Scheduled Job Complete: frappe.email.doctype.email_account.email_account.notify_unreplied for atualli.local
2021-07-26 15:12:23,156 INFO scheduler Scheduled Job Start: frappe.email.doctype.email_account.email_account.pull for atualli.local
2021-07-26 15:12:23,878 INFO scheduler Scheduled Job Complete: frappe.email.doctype.email_account.email_account.pull for atualli.local
2021-07-26 15:12:24,041 INFO scheduler Scheduled Job Start: frappe.email.queue.flush for atualli.local
2021-07-26 15:12:24,737 INFO scheduler Scheduled Job Complete: frappe.email.queue.flush for atualli.local
2021-07-26 15:13:19,825 DEBUG scheduler Queued events for site atualli.local
2021-07-26 15:14:20,066 DEBUG scheduler Queued events for site atualli.local
2021-07-26 15:15:20,334 DEBUG scheduler Queued events for site atualli.local
2021-07-26 15:15:20,405 INFO scheduler Scheduled Job Start: frappe.twofactor.delete_all_barcodes_for_users for atualli.local
2021-07-26 15:15:21,022 INFO scheduler Scheduled Job Complete: frappe.twofactor.delete_all_barcodes_for_users for atualli.local
2021-07-26 15:15:21,183 INFO scheduler Scheduled Job Start: frappe.website.doctype.web_page.web_page.check_publish_status for atualli.local
2021-07-26 15:15:21,874 INFO scheduler Scheduled Job Complete: frappe.website.doctype.web_page.web_page.check_publish_status for atualli.local
2021-07-26 15:15:21,985 INFO scheduler Scheduled Job Start: frappe.oauth.delete_oauth2_data for atualli.local
2021-07-26 15:15:22,492 INFO scheduler Scheduled Job Complete: frappe.oauth.delete_oauth2_data for atualli.local
2021-07-26 15:16:20,612 DEBUG scheduler Queued events for site atualli.local
2021-07-26 15:16:20,649 INFO scheduler Scheduled Job Start: frappe.monitor.flush for atualli.local
2021-07-26 15:16:20,980 INFO scheduler Scheduled Job Complete: frappe.monitor.flush for atualli.local
2021-07-26 15:16:21,080 INFO scheduler Scheduled Job Start: frappe.utils.global_search.sync_global_search for atualli.local
2021-07-26 15:16:21,410 INFO scheduler Scheduled Job Complete: frappe.utils.global_search.sync_global_search for atualli.local
2021-07-26 15:16:21,509 INFO scheduler Scheduled Job Start: frappe.integrations.doctype.razorpay_settings.razorpay_settings.capture_payment for atualli.local
2021-07-26 15:16:22,003 INFO scheduler Scheduled Job Complete: frappe.integrations.doctype.razorpay_settings.razorpay_settings.capture_payment for atualli.local
2021-07-26 15:16:22,092 INFO scheduler Scheduled Job Start: frappe.email.doctype.email_account.email_account.notify_unreplied for atualli.local
2021-07-26 15:16:22,501 INFO scheduler Scheduled Job Complete: frappe.email.doctype.email_account.email_account.notify_unreplied for atualli.local
2021-07-26 15:16:22,593 INFO scheduler Scheduled Job Start: frappe.email.doctype.email_account.email_account.pull for atualli.local
2021-07-26 15:16:23,011 INFO scheduler Scheduled Job Complete: frappe.email.doctype.email_account.email_account.pull for atualli.local
2021-07-26 15:16:23,105 INFO scheduler Scheduled Job Start: frappe.email.queue.flush for atualli.local
2021-07-26 15:16:23,492 INFO scheduler Scheduled Job Complete: frappe.email.queue.flush for atualli.local
2021-07-26 15:17:20,856 DEBUG scheduler Queued events for site atualli.local
2021-07-26 15:18:21,101 DEBUG scheduler Queued events for site atualli.local
2021-07-26 15:19:21,354 DEBUG scheduler Queued events for site atualli.local
2021-07-26 15:20:21,697 DEBUG scheduler Queued events for site atualli.local
2021-07-26 15:20:21,735 INFO scheduler Scheduled Job Start: frappe.monitor.flush for atualli.local
2021-07-26 15:20:22,090 INFO scheduler Scheduled Job Complete: frappe.monitor.flush for atualli.local
2021-07-26 15:20:22,182 INFO scheduler Scheduled Job Start: frappe.utils.global_search.sync_global_search for atualli.local
2021-07-26 15:20:22,495 INFO scheduler Scheduled Job Complete: frappe.utils.global_search.sync_global_search for atualli.local
2021-07-26 15:20:22,585 INFO scheduler Scheduled Job Start: frappe.integrations.doctype.razorpay_settings.razorpay_settings.capture_payment for atualli.local
2021-07-26 15:20:23,046 INFO scheduler Scheduled Job Complete: frappe.integrations.doctype.razorpay_settings.razorpay_settings.capture_payment for atualli.local
2021-07-26 15:20:23,134 INFO scheduler Scheduled Job Start: frappe.email.doctype.email_account.email_account.notify_unreplied for atualli.local
2021-07-26 15:20:23,548 INFO scheduler Scheduled Job Complete: frappe.email.doctype.email_account.email_account.notify_unreplied for atualli.local
2021-07-26 15:20:23,640 INFO scheduler Scheduled Job Start: frappe.email.doctype.email_account.email_account.pull for atualli.local
2021-07-26 15:20:24,066 INFO scheduler Scheduled Job Complete: frappe.email.doctype.email_account.email_account.pull for atualli.local
2021-07-26 15:20:24,157 INFO scheduler Scheduled Job Start: frappe.email.queue.flush for atualli.local
2021-07-26 15:20:24,546 INFO scheduler Scheduled Job Complete: frappe.email.queue.flush for atualli.local
2021-07-26 15:21:21,955 DEBUG scheduler Queued events for site atualli.local
2021-07-26 15:22:22,189 DEBUG scheduler Queued events for site atualli.local
2021-07-26 15:23:22,422 DEBUG scheduler Queued events for site atualli.local
2021-07-26 15:24:22,696 DEBUG scheduler Queued events for site atualli.local
2021-07-26 15:24:22,748 INFO scheduler Scheduled Job Start: frappe.monitor.flush for atualli.local
2021-07-26 15:24:23,117 INFO scheduler Scheduled Job Complete: frappe.monitor.flush for atualli.local
2021-07-26 15:24:23,214 INFO scheduler Scheduled Job Start: frappe.utils.global_search.sync_global_search for atualli.local
2021-07-26 15:24:23,588 INFO scheduler Scheduled Job Complete: frappe.utils.global_search.sync_global_search for atualli.local
2021-07-26 15:24:23,692 INFO scheduler Scheduled Job Start: frappe.integrations.doctype.razorpay_settings.razorpay_settings.capture_payment for atualli.local
2021-07-26 15:24:24,237 INFO scheduler Scheduled Job Complete: frappe.integrations.doctype.razorpay_settings.razorpay_settings.capture_payment for atualli.local
2021-07-26 15:24:24,337 INFO scheduler Scheduled Job Start: frappe.email.doctype.email_account.email_account.notify_unreplied for atualli.local
2021-07-26 15:24:24,767 INFO scheduler Scheduled Job Complete: frappe.email.doctype.email_account.email_account.notify_unreplied for atualli.local
2021-07-26 15:24:24,864 INFO scheduler Scheduled Job Start: frappe.email.doctype.email_account.email_account.pull for atualli.local
2021-07-26 15:24:25,324 INFO scheduler Scheduled Job Complete: frappe.email.doctype.email_account.email_account.pull for atualli.local
2021-07-26 15:24:25,417 INFO scheduler Scheduled Job Start: frappe.email.queue.flush for atualli.local
2021-07-26 15:24:25,804 INFO scheduler Scheduled Job Complete: frappe.email.queue.flush for atualli.local
2021-07-26 15:25:22,938 DEBUG scheduler Queued events for site atualli.local
2021-07-26 15:26:23,185 DEBUG scheduler Queued events for site atualli.local
2021-07-26 15:27:23,421 DEBUG scheduler Queued events for site atualli.local
2021-07-26 15:28:23,693 DEBUG scheduler Queued events for site atualli.local
2021-07-26 15:28:23,739 INFO scheduler Scheduled Job Start: frappe.monitor.flush for atualli.local
2021-07-26 15:28:24,056 INFO scheduler Scheduled Job Complete: frappe.monitor.flush for atualli.local
2021-07-26 15:28:24,150 INFO scheduler Scheduled Job Start: frappe.utils.global_search.sync_global_search for atualli.local
2021-07-26 15:28:24,476 INFO scheduler Scheduled Job Complete: frappe.utils.global_search.sync_global_search for atualli.local
2021-07-26 15:28:24,564 INFO scheduler Scheduled Job Start: frappe.integrations.doctype.razorpay_settings.razorpay_settings.capture_payment for atualli.local
2021-07-26 15:28:25,039 INFO scheduler Scheduled Job Complete: frappe.integrations.doctype.razorpay_settings.razorpay_settings.capture_payment for atualli.local
2021-07-26 15:28:25,124 INFO scheduler Scheduled Job Start: frappe.email.doctype.email_account.email_account.notify_unreplied for atualli.local
2021-07-26 15:28:25,500 INFO scheduler Scheduled Job Complete: frappe.email.doctype.email_account.email_account.notify_unreplied for atualli.local
2021-07-26 15:28:25,585 INFO scheduler Scheduled Job Start: frappe.email.doctype.email_account.email_account.pull for atualli.local
2021-07-26 15:28:25,998 INFO scheduler Scheduled Job Complete: frappe.email.doctype.email_account.email_account.pull for atualli.local
2021-07-26 15:28:26,084 INFO scheduler Scheduled Job Start: frappe.email.queue.flush for atualli.local
2021-07-26 15:28:26,458 INFO scheduler Scheduled Job Complete: frappe.email.queue.flush for atualli.local
2021-07-26 15:29:23,931 DEBUG scheduler Queued events for site atualli.local
2021-07-26 15:30:24,186 DEBUG scheduler Queued events for site atualli.local
2021-07-26 15:30:24,260 INFO scheduler Scheduled Job Start: frappe.twofactor.delete_all_barcodes_for_users for atualli.local
2021-07-26 15:30:24,724 INFO scheduler Scheduled Job Complete: frappe.twofactor.delete_all_barcodes_for_users for atualli.local
2021-07-26 15:30:24,822 INFO scheduler Scheduled Job Start: frappe.website.doctype.web_page.web_page.check_publish_status for atualli.local
2021-07-26 15:30:25,402 INFO scheduler Scheduled Job Complete: frappe.website.doctype.web_page.web_page.check_publish_status for atualli.local
2021-07-26 15:30:25,511 INFO scheduler Scheduled Job Start: frappe.oauth.delete_oauth2_data for atualli.local
2021-07-26 15:30:25,976 INFO scheduler Scheduled Job Complete: frappe.oauth.delete_oauth2_data for atualli.local
2021-07-26 15:31:24,648 DEBUG scheduler Queued events for site atualli.local
2021-07-26 15:32:25,039 DEBUG scheduler Queued events for site atualli.local
2021-07-26 15:32:25,166 INFO scheduler Scheduled Job Start: frappe.monitor.flush for atualli.local
2021-07-26 15:32:25,877 INFO scheduler Scheduled Job Complete: frappe.monitor.flush for atualli.local
2021-07-26 15:32:26,008 INFO scheduler Scheduled Job Start: frappe.utils.global_search.sync_global_search for atualli.local
2021-07-26 15:32:26,444 INFO scheduler Scheduled Job Complete: frappe.utils.global_search.sync_global_search for atualli.local
2021-07-26 15:32:26,570 INFO scheduler Scheduled Job Start: frappe.integrations.doctype.razorpay_settings.razorpay_settings.capture_payment for atualli.local
2021-07-26 15:32:27,449 INFO scheduler Scheduled Job Complete: frappe.integrations.doctype.razorpay_settings.razorpay_settings.capture_payment for atualli.local
2021-07-26 15:32:27,577 INFO scheduler Scheduled Job Start: frappe.email.doctype.email_account.email_account.notify_unreplied for atualli.local
2021-07-26 15:32:28,257 INFO scheduler Scheduled Job Complete: frappe.email.doctype.email_account.email_account.notify_unreplied for atualli.local
2021-07-26 15:32:28,345 INFO scheduler Scheduled Job Start: frappe.email.doctype.email_account.email_account.pull for atualli.local
2021-07-26 15:32:28,790 INFO scheduler Scheduled Job Complete: frappe.email.doctype.email_account.email_account.pull for atualli.local
2021-07-26 15:32:28,881 INFO scheduler Scheduled Job Start: frappe.email.queue.flush for atualli.local
2021-07-26 15:32:29,383 INFO scheduler Scheduled Job Complete: frappe.email.queue.flush for atualli.local
2021-07-26 15:33:25,278 DEBUG scheduler Queued events for site atualli.local
2021-07-26 15:34:25,556 DEBUG scheduler Queued events for site atualli.local
2021-07-26 15:35:25,982 DEBUG scheduler Queued events for site atualli.local
2021-07-26 15:36:26,326 DEBUG scheduler Queued events for site atualli.local
2021-07-26 15:36:26,429 INFO scheduler Scheduled Job Start: frappe.monitor.flush for atualli.local
2021-07-26 15:36:26,972 INFO scheduler Scheduled Job Complete: frappe.monitor.flush for atualli.local
2021-07-26 15:36:27,074 INFO scheduler Scheduled Job Start: frappe.utils.global_search.sync_global_search for atualli.local
2021-07-26 15:36:27,484 INFO scheduler Scheduled Job Complete: frappe.utils.global_search.sync_global_search for atualli.local
2021-07-26 15:36:27,605 INFO scheduler Scheduled Job Start: frappe.integrations.doctype.razorpay_settings.razorpay_settings.capture_payment for atualli.local
2021-07-26 15:36:28,207 INFO scheduler Scheduled Job Complete: frappe.integrations.doctype.razorpay_settings.razorpay_settings.capture_payment for atualli.local
2021-07-26 15:36:28,313 INFO scheduler Scheduled Job Start: frappe.email.doctype.email_account.email_account.notify_unreplied for atualli.local
2021-07-26 15:36:28,809 INFO scheduler Scheduled Job Complete: frappe.email.doctype.email_account.email_account.notify_unreplied for atualli.local
2021-07-26 15:36:28,911 INFO scheduler Scheduled Job Start: frappe.email.doctype.email_account.email_account.pull for atualli.local
2021-07-26 15:36:29,440 INFO scheduler Scheduled Job Complete: frappe.email.doctype.email_account.email_account.pull for atualli.local
2021-07-26 15:36:29,551 INFO scheduler Scheduled Job Start: frappe.email.queue.flush for atualli.local
2021-07-26 15:36:30,001 INFO scheduler Scheduled Job Complete: frappe.email.queue.flush for atualli.local
2021-07-26 15:37:26,600 DEBUG scheduler Queued events for site atualli.local
2021-07-26 15:38:26,900 DEBUG scheduler Queued events for site atualli.local
2021-07-26 15:39:27,194 DEBUG scheduler Queued events for site atualli.local
2021-07-26 15:40:27,550 DEBUG scheduler Queued events for site atualli.local
2021-07-26 15:40:27,593 INFO scheduler Scheduled Job Start: frappe.monitor.flush for atualli.local
2021-07-26 15:40:27,960 INFO scheduler Scheduled Job Complete: frappe.monitor.flush for atualli.local
2021-07-26 15:40:28,076 INFO scheduler Scheduled Job Start: frappe.utils.global_search.sync_global_search for atualli.local
2021-07-26 15:40:28,451 INFO scheduler Scheduled Job Complete: frappe.utils.global_search.sync_global_search for atualli.local
2021-07-26 15:40:28,552 INFO scheduler Scheduled Job Start: frappe.integrations.doctype.razorpay_settings.razorpay_settings.capture_payment for atualli.local
2021-07-26 15:40:29,124 INFO scheduler Scheduled Job Complete: frappe.integrations.doctype.razorpay_settings.razorpay_settings.capture_payment for atualli.local
2021-07-26 15:40:29,227 INFO scheduler Scheduled Job Start: frappe.email.doctype.email_account.email_account.notify_unreplied for atualli.local
2021-07-26 15:40:29,687 INFO scheduler Scheduled Job Complete: frappe.email.doctype.email_account.email_account.notify_unreplied for atualli.local
2021-07-26 15:40:29,793 INFO scheduler Scheduled Job Start: frappe.email.doctype.email_account.email_account.pull for atualli.local
2021-07-26 15:40:30,292 INFO scheduler Scheduled Job Complete: frappe.email.doctype.email_account.email_account.pull for atualli.local
2021-07-26 15:40:30,399 INFO scheduler Scheduled Job Start: frappe.email.queue.flush for atualli.local
2021-07-26 15:40:30,821 INFO scheduler Scheduled Job Complete: frappe.email.queue.flush for atualli.local
2021-07-26 15:41:27,835 DEBUG scheduler Queued events for site atualli.local
2021-07-26 15:42:28,135 DEBUG scheduler Queued events for site atualli.local
2021-07-26 15:43:28,460 DEBUG scheduler Queued events for site atualli.local
2021-07-26 15:44:28,725 DEBUG scheduler Queued events for site atualli.local
2021-07-26 15:44:28,766 INFO scheduler Scheduled Job Start: frappe.monitor.flush for atualli.local
2021-07-26 15:44:29,101 INFO scheduler Scheduled Job Complete: frappe.monitor.flush for atualli.local
2021-07-26 15:44:29,219 INFO scheduler Scheduled Job Start: frappe.utils.global_search.sync_global_search for atualli.local
2021-07-26 15:44:29,540 INFO scheduler Scheduled Job Complete: frappe.utils.global_search.sync_global_search for atualli.local
2021-07-26 15:44:29,648 INFO scheduler Scheduled Job Start: frappe.integrations.doctype.razorpay_settings.razorpay_settings.capture_payment for atualli.local
2021-07-26 15:44:30,128 INFO scheduler Scheduled Job Complete: frappe.integrations.doctype.razorpay_settings.razorpay_settings.capture_payment for atualli.local
2021-07-26 15:44:30,212 INFO scheduler Scheduled Job Start: frappe.email.doctype.email_account.email_account.notify_unreplied for atualli.local
2021-07-26 15:44:30,616 INFO scheduler Scheduled Job Complete: frappe.email.doctype.email_account.email_account.notify_unreplied for atualli.local
2021-07-26 15:44:30,700 INFO scheduler Scheduled Job Start: frappe.email.doctype.email_account.email_account.pull for atualli.local
2021-07-26 15:44:31,117 INFO scheduler Scheduled Job Complete: frappe.email.doctype.email_account.email_account.pull for atualli.local
2021-07-26 15:44:31,203 INFO scheduler Scheduled Job Start: frappe.email.queue.flush for atualli.local
2021-07-26 15:44:31,575 INFO scheduler Scheduled Job Complete: frappe.email.queue.flush for atualli.local
2021-07-26 15:45:29,023 DEBUG scheduler Queued events for site atualli.local
2021-07-26 15:45:29,113 INFO scheduler Scheduled Job Start: frappe.twofactor.delete_all_barcodes_for_users for atualli.local
2021-07-26 15:45:30,002 INFO scheduler Scheduled Job Complete: frappe.twofactor.delete_all_barcodes_for_users for atualli.local
2021-07-26 15:45:30,227 INFO scheduler Scheduled Job Start: frappe.website.doctype.web_page.web_page.check_publish_status for atualli.local
2021-07-26 15:45:31,401 INFO scheduler Scheduled Job Complete: frappe.website.doctype.web_page.web_page.check_publish_status for atualli.local
2021-07-26 15:45:31,596 INFO scheduler Scheduled Job Start: frappe.oauth.delete_oauth2_data for atualli.local
2021-07-26 15:45:32,588 INFO scheduler Scheduled Job Complete: frappe.oauth.delete_oauth2_data for atualli.local
2021-07-26 15:46:29,269 DEBUG scheduler Queued events for site atualli.local
2021-07-26 15:47:29,526 DEBUG scheduler Queued events for site atualli.local
2021-07-26 15:48:29,817 DEBUG scheduler Queued events for site atualli.local
2021-07-26 15:48:29,856 INFO scheduler Scheduled Job Start: frappe.monitor.flush for atualli.local
2021-07-26 15:48:30,200 INFO scheduler Scheduled Job Complete: frappe.monitor.flush for atualli.local
2021-07-26 15:48:30,325 INFO scheduler Scheduled Job Start: frappe.utils.global_search.sync_global_search for atualli.local
2021-07-26 15:48:30,667 INFO scheduler Scheduled Job Complete: frappe.utils.global_search.sync_global_search for atualli.local
2021-07-26 15:48:30,806 INFO scheduler Scheduled Job Start: frappe.integrations.doctype.razorpay_settings.razorpay_settings.capture_payment for atualli.local
2021-07-26 15:48:31,300 INFO scheduler Scheduled Job Complete: frappe.integrations.doctype.razorpay_settings.razorpay_settings.capture_payment for atualli.local
2021-07-26 15:48:31,387 INFO scheduler Scheduled Job Start: frappe.email.doctype.email_account.email_account.notify_unreplied for atualli.local
2021-07-26 15:48:31,843 INFO scheduler Scheduled Job Complete: frappe.email.doctype.email_account.email_account.notify_unreplied for atualli.local
2021-07-26 15:48:31,935 INFO scheduler Scheduled Job Start: frappe.email.doctype.email_account.email_account.pull for atualli.local
2021-07-26 15:48:32,370 INFO scheduler Scheduled Job Complete: frappe.email.doctype.email_account.email_account.pull for atualli.local
2021-07-26 15:48:32,461 INFO scheduler Scheduled Job Start: frappe.email.queue.flush for atualli.local
2021-07-26 15:48:32,846 INFO scheduler Scheduled Job Complete: frappe.email.queue.flush for atualli.local
2021-07-26 15:49:30,136 DEBUG scheduler Queued events for site atualli.local
2021-07-26 15:50:30,374 DEBUG scheduler Queued events for site atualli.local
2021-07-26 15:51:30,784 DEBUG scheduler Queued events for site atualli.local
2021-07-26 15:52:31,056 DEBUG scheduler Queued events for site atualli.local
2021-07-26 15:52:31,089 INFO scheduler Scheduled Job Start: frappe.monitor.flush for atualli.local
2021-07-26 15:52:31,450 INFO scheduler Scheduled Job Complete: frappe.monitor.flush for atualli.local
2021-07-26 15:52:31,548 INFO scheduler Scheduled Job Start: frappe.utils.global_search.sync_global_search for atualli.local
2021-07-26 15:52:31,923 INFO scheduler Scheduled Job Complete: frappe.utils.global_search.sync_global_search for atualli.local
2021-07-26 15:52:32,030 INFO scheduler Scheduled Job Start: frappe.integrations.doctype.razorpay_settings.razorpay_settings.capture_payment for atualli.local
2021-07-26 15:52:32,553 INFO scheduler Scheduled Job Complete: frappe.integrations.doctype.razorpay_settings.razorpay_settings.capture_payment for atualli.local
2021-07-26 15:52:32,669 INFO scheduler Scheduled Job Start: frappe.email.doctype.email_account.email_account.notify_unreplied for atualli.local
2021-07-26 15:52:33,105 INFO scheduler Scheduled Job Complete: frappe.email.doctype.email_account.email_account.notify_unreplied for atualli.local
2021-07-26 15:52:33,198 INFO scheduler Scheduled Job Start: frappe.email.doctype.email_account.email_account.pull for atualli.local
2021-07-26 15:52:33,655 INFO scheduler Scheduled Job Complete: frappe.email.doctype.email_account.email_account.pull for atualli.local
2021-07-26 15:52:33,754 INFO scheduler Scheduled Job Start: frappe.email.queue.flush for atualli.local
2021-07-26 15:52:34,149 INFO scheduler Scheduled Job Complete: frappe.email.queue.flush for atualli.local
2021-07-26 15:53:31,309 DEBUG scheduler Queued events for site atualli.local
2021-07-26 15:54:31,528 DEBUG scheduler Queued events for site atualli.local
2021-07-26 15:55:31,771 DEBUG scheduler Queued events for site atualli.local
2021-07-26 15:56:32,063 DEBUG scheduler Queued events for site atualli.local
2021-07-26 15:56:32,102 INFO scheduler Scheduled Job Start: frappe.monitor.flush for atualli.local
2021-07-26 15:56:32,467 INFO scheduler Scheduled Job Complete: frappe.monitor.flush for atualli.local
2021-07-26 15:56:32,559 INFO scheduler Scheduled Job Start: frappe.utils.global_search.sync_global_search for atualli.local
2021-07-26 15:56:32,945 INFO scheduler Scheduled Job Complete: frappe.utils.global_search.sync_global_search for atualli.local
2021-07-26 15:56:33,037 INFO scheduler Scheduled Job Start: frappe.integrations.doctype.razorpay_settings.razorpay_settings.capture_payment for atualli.local
2021-07-26 15:56:33,511 INFO scheduler Scheduled Job Complete: frappe.integrations.doctype.razorpay_settings.razorpay_settings.capture_payment for atualli.local
2021-07-26 15:56:33,605 INFO scheduler Scheduled Job Start: frappe.email.doctype.email_account.email_account.notify_unreplied for atualli.local
2021-07-26 15:56:34,047 INFO scheduler Scheduled Job Complete: frappe.email.doctype.email_account.email_account.notify_unreplied for atualli.local
2021-07-26 15:56:34,141 INFO scheduler Scheduled Job Start: frappe.email.doctype.email_account.email_account.pull for atualli.local
2021-07-26 15:56:34,610 INFO scheduler Scheduled Job Complete: frappe.email.doctype.email_account.email_account.pull for atualli.local
2021-07-26 15:56:34,704 INFO scheduler Scheduled Job Start: frappe.email.queue.flush for atualli.local
2021-07-26 15:56:35,125 INFO scheduler Scheduled Job Complete: frappe.email.queue.flush for atualli.local
2021-07-26 15:57:32,311 DEBUG scheduler Queued events for site atualli.local
2021-07-26 15:58:32,534 DEBUG scheduler Queued events for site atualli.local
2021-07-26 15:59:32,767 DEBUG scheduler Queued events for site atualli.local
2021-07-26 16:00:33,072 INFO scheduler Scheduled Job Start: frappe.email.doctype.newsletter.newsletter.send_scheduled_email for atualli.local
2021-07-26 16:00:33,170 DEBUG scheduler Queued events for site atualli.local
2021-07-26 16:00:33,714 INFO scheduler Scheduled Job Complete: frappe.email.doctype.newsletter.newsletter.send_scheduled_email for atualli.local
2021-07-26 16:00:33,823 INFO scheduler Scheduled Job Start: frappe.integrations.doctype.google_calendar.google_calendar.sync for atualli.local
2021-07-26 16:00:34,570 INFO scheduler Scheduled Job Complete: frappe.integrations.doctype.google_calendar.google_calendar.sync for atualli.local
2021-07-26 16:00:34,674 INFO scheduler Scheduled Job Start: frappe.desk.form.document_follow.send_hourly_updates for atualli.local
2021-07-26 16:00:35,200 INFO scheduler Scheduled Job Complete: frappe.desk.form.document_follow.send_hourly_updates for atualli.local
2021-07-26 16:00:35,309 INFO scheduler Scheduled Job Start: frappe.deferred_insert.save_to_db for atualli.local
2021-07-26 16:00:35,783 INFO scheduler Scheduled Job Complete: frappe.deferred_insert.save_to_db for atualli.local
2021-07-26 16:00:35,884 INFO scheduler Scheduled Job Start: frappe.desk.page.backups.backups.delete_downloadable_backups for atualli.local
2021-07-26 16:00:36,380 INFO scheduler Scheduled Job Complete: frappe.desk.page.backups.backups.delete_downloadable_backups for atualli.local
2021-07-26 16:00:36,486 INFO scheduler Scheduled Job Start: frappe.utils.error.collect_error_snapshots for atualli.local
2021-07-26 16:00:36,956 INFO scheduler Scheduled Job Complete: frappe.utils.error.collect_error_snapshots for atualli.local
2021-07-26 16:00:37,060 INFO scheduler Scheduled Job Start: frappe.model.utils.user_settings.sync_user_settings for atualli.local
2021-07-26 16:00:37,535 INFO scheduler Scheduled Job Complete: frappe.model.utils.user_settings.sync_user_settings for atualli.local
2021-07-26 16:00:37,641 INFO scheduler Scheduled Job Start: frappe.model.utils.link_count.update_link_count for atualli.local
2021-07-26 16:00:38,132 INFO scheduler Scheduled Job Complete: frappe.model.utils.link_count.update_link_count for atualli.local
2021-07-26 16:00:38,244 INFO scheduler Scheduled Job Start: frappe.monitor.flush for atualli.local
2021-07-26 16:00:38,568 INFO scheduler Scheduled Job Complete: frappe.monitor.flush for atualli.local
2021-07-26 16:00:38,658 INFO scheduler Scheduled Job Start: frappe.utils.global_search.sync_global_search for atualli.local
2021-07-26 16:00:39,032 INFO scheduler Scheduled Job Complete: frappe.utils.global_search.sync_global_search for atualli.local
2021-07-26 16:00:39,129 INFO scheduler Scheduled Job Start: frappe.integrations.doctype.razorpay_settings.razorpay_settings.capture_payment for atualli.local
2021-07-26 16:00:39,652 INFO scheduler Scheduled Job Complete: frappe.integrations.doctype.razorpay_settings.razorpay_settings.capture_payment for atualli.local
2021-07-26 16:00:39,748 INFO scheduler Scheduled Job Start: frappe.email.doctype.email_account.email_account.notify_unreplied for atualli.local
2021-07-26 16:00:40,198 INFO scheduler Scheduled Job Complete: frappe.email.doctype.email_account.email_account.notify_unreplied for atualli.local
2021-07-26 16:00:40,292 INFO scheduler Scheduled Job Start: frappe.email.doctype.email_account.email_account.pull for atualli.local
2021-07-26 16:00:40,761 INFO scheduler Scheduled Job Complete: frappe.email.doctype.email_account.email_account.pull for atualli.local
2021-07-26 16:00:40,857 INFO scheduler Scheduled Job Start: frappe.email.queue.flush for atualli.local
2021-07-26 16:00:41,256 INFO scheduler Scheduled Job Complete: frappe.email.queue.flush for atualli.local
2021-07-26 16:00:41,350 INFO scheduler Scheduled Job Start: frappe.twofactor.delete_all_barcodes_for_users for atualli.local
2021-07-26 16:00:41,859 INFO scheduler Scheduled Job Complete: frappe.twofactor.delete_all_barcodes_for_users for atualli.local
2021-07-26 16:00:41,960 INFO scheduler Scheduled Job Start: frappe.website.doctype.web_page.web_page.check_publish_status for atualli.local
2021-07-26 16:00:42,552 INFO scheduler Scheduled Job Complete: frappe.website.doctype.web_page.web_page.check_publish_status for atualli.local
2021-07-26 16:00:42,661 INFO scheduler Scheduled Job Start: frappe.oauth.delete_oauth2_data for atualli.local
2021-07-26 16:00:43,188 INFO scheduler Scheduled Job Complete: frappe.oauth.delete_oauth2_data for atualli.local
2021-07-26 16:01:33,432 DEBUG scheduler Queued events for site atualli.local
2021-07-26 16:02:33,664 DEBUG scheduler Queued events for site atualli.local
2021-07-26 16:03:33,907 DEBUG scheduler Queued events for site atualli.local
2021-07-26 16:04:34,183 DEBUG scheduler Queued events for site atualli.local
2021-07-26 16:04:34,220 INFO scheduler Scheduled Job Start: frappe.monitor.flush for atualli.local
2021-07-26 16:04:34,570 INFO scheduler Scheduled Job Complete: frappe.monitor.flush for atualli.local
2021-07-26 16:04:34,659 INFO scheduler Scheduled Job Start: frappe.utils.global_search.sync_global_search for atualli.local
2021-07-26 16:04:35,006 INFO scheduler Scheduled Job Complete: frappe.utils.global_search.sync_global_search for atualli.local
2021-07-26 16:04:35,096 INFO scheduler Scheduled Job Start: frappe.integrations.doctype.razorpay_settings.razorpay_settings.capture_payment for atualli.local
2021-07-26 16:04:35,608 INFO scheduler Scheduled Job Complete: frappe.integrations.doctype.razorpay_settings.razorpay_settings.capture_payment for atualli.local
2021-07-26 16:04:35,705 INFO scheduler Scheduled Job Start: frappe.email.doctype.email_account.email_account.notify_unreplied for atualli.local
2021-07-26 16:04:36,127 INFO scheduler Scheduled Job Complete: frappe.email.doctype.email_account.email_account.notify_unreplied for atualli.local
2021-07-26 16:04:36,216 INFO scheduler Scheduled Job Start: frappe.email.doctype.email_account.email_account.pull for atualli.local
2021-07-26 16:04:36,671 INFO scheduler Scheduled Job Complete: frappe.email.doctype.email_account.email_account.pull for atualli.local
2021-07-26 16:04:36,766 INFO scheduler Scheduled Job Start: frappe.email.queue.flush for atualli.local
2021-07-26 16:04:37,163 INFO scheduler Scheduled Job Complete: frappe.email.queue.flush for atualli.local
2021-07-26 16:05:34,405 DEBUG scheduler Queued events for site atualli.local
2021-07-26 16:06:34,638 DEBUG scheduler Queued events for site atualli.local
2021-07-26 16:07:34,877 DEBUG scheduler Queued events for site atualli.local
2021-07-26 16:08:35,157 DEBUG scheduler Queued events for site atualli.local
2021-07-26 16:08:35,201 INFO scheduler Scheduled Job Start: frappe.monitor.flush for atualli.local
2021-07-26 16:08:35,552 INFO scheduler Scheduled Job Complete: frappe.monitor.flush for atualli.local
2021-07-26 16:08:35,656 INFO scheduler Scheduled Job Start: frappe.utils.global_search.sync_global_search for atualli.local
2021-07-26 16:08:36,012 INFO scheduler Scheduled Job Complete: frappe.utils.global_search.sync_global_search for atualli.local
2021-07-26 16:08:36,103 INFO scheduler Scheduled Job Start: frappe.integrations.doctype.razorpay_settings.razorpay_settings.capture_payment for atualli.local
2021-07-26 16:08:36,605 INFO scheduler Scheduled Job Complete: frappe.integrations.doctype.razorpay_settings.razorpay_settings.capture_payment for atualli.local
2021-07-26 16:08:36,702 INFO scheduler Scheduled Job Start: frappe.email.doctype.email_account.email_account.notify_unreplied for atualli.local
2021-07-26 16:08:37,113 INFO scheduler Scheduled Job Complete: frappe.email.doctype.email_account.email_account.notify_unreplied for atualli.local
2021-07-26 16:08:37,210 INFO scheduler Scheduled Job Start: frappe.email.doctype.email_account.email_account.pull for atualli.local
2021-07-26 16:08:37,649 INFO scheduler Scheduled Job Complete: frappe.email.doctype.email_account.email_account.pull for atualli.local
2021-07-26 16:08:37,742 INFO scheduler Scheduled Job Start: frappe.email.queue.flush for atualli.local
2021-07-26 16:08:38,123 INFO scheduler Scheduled Job Complete: frappe.email.queue.flush for atualli.local
2021-07-26 16:09:35,538 DEBUG scheduler Queued events for site atualli.local
2021-07-26 16:10:35,881 DEBUG scheduler Queued events for site atualli.local
2021-07-26 16:11:36,150 DEBUG scheduler Queued events for site atualli.local
2021-07-26 16:12:36,646 DEBUG scheduler Queued events for site atualli.local
2021-07-26 16:12:36,721 INFO scheduler Scheduled Job Start: frappe.monitor.flush for atualli.local
2021-07-26 16:12:37,372 INFO scheduler Scheduled Job Complete: frappe.monitor.flush for atualli.local
2021-07-26 16:12:37,561 INFO scheduler Scheduled Job Start: frappe.utils.global_search.sync_global_search for atualli.local
2021-07-26 16:12:38,153 INFO scheduler Scheduled Job Complete: frappe.utils.global_search.sync_global_search for atualli.local
2021-07-26 16:12:38,324 INFO scheduler Scheduled Job Start: frappe.integrations.doctype.razorpay_settings.razorpay_settings.capture_payment for atualli.local
2021-07-26 16:12:39,280 INFO scheduler Scheduled Job Complete: frappe.integrations.doctype.razorpay_settings.razorpay_settings.capture_payment for atualli.local
2021-07-26 16:12:39,479 INFO scheduler Scheduled Job Start: frappe.email.doctype.email_account.email_account.notify_unreplied for atualli.local
2021-07-26 16:12:40,352 INFO scheduler Scheduled Job Complete: frappe.email.doctype.email_account.email_account.notify_unreplied for atualli.local
2021-07-26 16:12:40,502 INFO scheduler Scheduled Job Start: frappe.email.doctype.email_account.email_account.pull for atualli.local
2021-07-26 16:12:41,270 INFO scheduler Scheduled Job Complete: frappe.email.doctype.email_account.email_account.pull for atualli.local
2021-07-26 16:12:41,456 INFO scheduler Scheduled Job Start: frappe.email.queue.flush for atualli.local
2021-07-26 16:12:42,160 INFO scheduler Scheduled Job Complete: frappe.email.queue.flush for atualli.local
2021-07-26 16:13:37,070 DEBUG scheduler Queued events for site atualli.local
2021-07-26 16:14:37,443 DEBUG scheduler Queued events for site atualli.local
2021-07-26 16:15:37,769 DEBUG scheduler Queued events for site atualli.local
2021-07-26 16:15:37,906 INFO scheduler Scheduled Job Start: frappe.twofactor.delete_all_barcodes_for_users for atualli.local
2021-07-26 16:15:38,787 INFO scheduler Scheduled Job Complete: frappe.twofactor.delete_all_barcodes_for_users for atualli.local
2021-07-26 16:15:38,974 INFO scheduler Scheduled Job Start: frappe.website.doctype.web_page.web_page.check_publish_status for atualli.local
2021-07-26 16:15:40,024 INFO scheduler Scheduled Job Complete: frappe.website.doctype.web_page.web_page.check_publish_status for atualli.local
2021-07-26 16:15:40,222 INFO scheduler Scheduled Job Start: frappe.oauth.delete_oauth2_data for atualli.local
2021-07-26 16:15:41,084 INFO scheduler Scheduled Job Complete: frappe.oauth.delete_oauth2_data for atualli.local
2021-07-26 16:16:38,219 DEBUG scheduler Queued events for site atualli.local
2021-07-26 16:16:38,304 INFO scheduler Scheduled Job Start: frappe.monitor.flush for atualli.local
2021-07-26 16:16:38,903 INFO scheduler Scheduled Job Complete: frappe.monitor.flush for atualli.local
2021-07-26 16:16:39,089 INFO scheduler Scheduled Job Start: frappe.utils.global_search.sync_global_search for atualli.local
2021-07-26 16:16:39,697 INFO scheduler Scheduled Job Complete: frappe.utils.global_search.sync_global_search for atualli.local
2021-07-26 16:16:39,873 INFO scheduler Scheduled Job Start: frappe.integrations.doctype.razorpay_settings.razorpay_settings.capture_payment for atualli.local
2021-07-26 16:16:40,709 INFO scheduler Scheduled Job Complete: frappe.integrations.doctype.razorpay_settings.razorpay_settings.capture_payment for atualli.local
2021-07-26 16:16:40,872 INFO scheduler Scheduled Job Start: frappe.email.doctype.email_account.email_account.notify_unreplied for atualli.local
2021-07-26 16:16:41,575 INFO scheduler Scheduled Job Complete: frappe.email.doctype.email_account.email_account.notify_unreplied for atualli.local
2021-07-26 16:16:41,733 INFO scheduler Scheduled Job Start: frappe.email.doctype.email_account.email_account.pull for atualli.local
2021-07-26 16:16:42,440 INFO scheduler Scheduled Job Complete: frappe.email.doctype.email_account.email_account.pull for atualli.local
2021-07-26 16:16:42,592 INFO scheduler Scheduled Job Start: frappe.email.queue.flush for atualli.local
2021-07-26 16:16:43,247 INFO scheduler Scheduled Job Complete: frappe.email.queue.flush for atualli.local
2021-07-26 16:17:38,606 DEBUG scheduler Queued events for site atualli.local
2021-07-26 16:18:38,914 DEBUG scheduler Queued events for site atualli.local
2021-07-26 16:19:39,156 DEBUG scheduler Queued events for site atualli.local
2021-07-26 16:20:39,418 DEBUG scheduler Queued events for site atualli.local
2021-07-26 16:20:39,461 INFO scheduler Scheduled Job Start: frappe.monitor.flush for atualli.local
2021-07-26 16:20:39,802 INFO scheduler Scheduled Job Complete: frappe.monitor.flush for atualli.local
2021-07-26 16:20:39,915 INFO scheduler Scheduled Job Start: frappe.utils.global_search.sync_global_search for atualli.local
2021-07-26 16:20:40,281 INFO scheduler Scheduled Job Complete: frappe.utils.global_search.sync_global_search for atualli.local
2021-07-26 16:20:40,370 INFO scheduler Scheduled Job Start: frappe.integrations.doctype.razorpay_settings.razorpay_settings.capture_payment for atualli.local
2021-07-26 16:20:40,881 INFO scheduler Scheduled Job Complete: frappe.integrations.doctype.razorpay_settings.razorpay_settings.capture_payment for atualli.local
2021-07-26 16:20:40,970 INFO scheduler Scheduled Job Start: frappe.email.doctype.email_account.email_account.notify_unreplied for atualli.local
2021-07-26 16:20:41,384 INFO scheduler Scheduled Job Complete: frappe.email.doctype.email_account.email_account.notify_unreplied for atualli.local
2021-07-26 16:20:41,475 INFO scheduler Scheduled Job Start: frappe.email.doctype.email_account.email_account.pull for atualli.local
2021-07-26 16:20:41,903 INFO scheduler Scheduled Job Complete: frappe.email.doctype.email_account.email_account.pull for atualli.local
2021-07-26 16:20:41,993 INFO scheduler Scheduled Job Start: frappe.email.queue.flush for atualli.local
2021-07-26 16:20:42,383 INFO scheduler Scheduled Job Complete: frappe.email.queue.flush for atualli.local
2021-07-26 16:21:39,659 DEBUG scheduler Queued events for site atualli.local
2021-07-26 16:22:39,997 DEBUG scheduler Queued events for site atualli.local
2021-07-26 16:23:40,229 DEBUG scheduler Queued events for site atualli.local
2021-07-26 16:24:40,835 DEBUG scheduler Queued events for site atualli.local
2021-07-26 16:24:40,886 INFO scheduler Scheduled Job Start: frappe.monitor.flush for atualli.local
2021-07-26 16:24:41,665 INFO scheduler Scheduled Job Complete: frappe.monitor.flush for atualli.local
2021-07-26 16:24:41,786 INFO scheduler Scheduled Job Start: frappe.utils.global_search.sync_global_search for atualli.local
2021-07-26 16:24:42,296 INFO scheduler Scheduled Job Complete: frappe.utils.global_search.sync_global_search for atualli.local
2021-07-26 16:24:42,414 INFO scheduler Scheduled Job Start: frappe.integrations.doctype.razorpay_settings.razorpay_settings.capture_payment for atualli.local
2021-07-26 16:24:43,481 INFO scheduler Scheduled Job Complete: frappe.integrations.doctype.razorpay_settings.razorpay_settings.capture_payment for atualli.local
2021-07-26 16:24:43,592 INFO scheduler Scheduled Job Start: frappe.email.doctype.email_account.email_account.notify_unreplied for atualli.local
2021-07-26 16:24:44,264 INFO scheduler Scheduled Job Complete: frappe.email.doctype.email_account.email_account.notify_unreplied for atualli.local
2021-07-26 16:24:44,358 INFO scheduler Scheduled Job Start: frappe.email.doctype.email_account.email_account.pull for atualli.local
2021-07-26 16:24:44,924 INFO scheduler Scheduled Job Complete: frappe.email.doctype.email_account.email_account.pull for atualli.local
2021-07-26 16:24:45,092 INFO scheduler Scheduled Job Start: frappe.email.queue.flush for atualli.local
2021-07-26 16:24:45,628 INFO scheduler Scheduled Job Complete: frappe.email.queue.flush for atualli.local
