2021-07-20 10:34:30,069 DEBUG scheduler Queued events for site atualli.local
2021-07-20 10:35:30,292 DEBUG scheduler Queued events for site atualli.local
2021-07-20 10:36:30,578 DEBUG scheduler Queued events for site atualli.local
2021-07-20 10:36:30,691 INFO scheduler Scheduled Job Start: frappe.monitor.flush for atualli.local
2021-07-20 10:36:31,116 INFO scheduler Scheduled Job Complete: frappe.monitor.flush for atualli.local
2021-07-20 10:36:31,242 INFO scheduler Scheduled Job Start: frappe.utils.global_search.sync_global_search for atualli.local
2021-07-20 10:36:31,647 INFO scheduler Scheduled Job Complete: frappe.utils.global_search.sync_global_search for atualli.local
2021-07-20 10:36:31,793 INFO scheduler Scheduled Job Start: frappe.integrations.doctype.razorpay_settings.razorpay_settings.capture_payment for atualli.local
2021-07-20 10:36:32,463 INFO scheduler Scheduled Job Complete: frappe.integrations.doctype.razorpay_settings.razorpay_settings.capture_payment for atualli.local
2021-07-20 10:36:32,549 INFO scheduler Scheduled Job Start: frappe.email.doctype.email_account.email_account.notify_unreplied for atualli.local
2021-07-20 10:36:33,042 INFO scheduler Scheduled Job Complete: frappe.email.doctype.email_account.email_account.notify_unreplied for atualli.local
2021-07-20 10:36:33,142 INFO scheduler Scheduled Job Start: frappe.email.doctype.email_account.email_account.pull for atualli.local
2021-07-20 10:36:33,740 INFO scheduler Scheduled Job Complete: frappe.email.doctype.email_account.email_account.pull for atualli.local
2021-07-20 10:36:33,863 INFO scheduler Scheduled Job Start: frappe.email.queue.flush for atualli.local
2021-07-20 10:36:34,286 INFO scheduler Scheduled Job Complete: frappe.email.queue.flush for atualli.local
2021-07-20 10:37:30,823 DEBUG scheduler Queued events for site atualli.local
2021-07-20 10:38:31,059 DEBUG scheduler Queued events for site atualli.local
2021-07-20 10:39:31,321 DEBUG scheduler Queued events for site atualli.local
2021-07-20 10:40:31,587 DEBUG scheduler Queued events for site atualli.local
2021-07-20 10:40:31,629 INFO scheduler Scheduled Job Start: frappe.monitor.flush for atualli.local
2021-07-20 10:40:31,940 INFO scheduler Scheduled Job Complete: frappe.monitor.flush for atualli.local
2021-07-20 10:40:32,027 INFO scheduler Scheduled Job Start: frappe.utils.global_search.sync_global_search for atualli.local
2021-07-20 10:40:32,368 INFO scheduler Scheduled Job Complete: frappe.utils.global_search.sync_global_search for atualli.local
2021-07-20 10:40:32,463 INFO scheduler Scheduled Job Start: frappe.integrations.doctype.razorpay_settings.razorpay_settings.capture_payment for atualli.local
2021-07-20 10:40:32,941 INFO scheduler Scheduled Job Complete: frappe.integrations.doctype.razorpay_settings.razorpay_settings.capture_payment for atualli.local
2021-07-20 10:40:33,028 INFO scheduler Scheduled Job Start: frappe.email.doctype.email_account.email_account.notify_unreplied for atualli.local
2021-07-20 10:40:33,399 INFO scheduler Scheduled Job Complete: frappe.email.doctype.email_account.email_account.notify_unreplied for atualli.local
2021-07-20 10:40:33,484 INFO scheduler Scheduled Job Start: frappe.email.doctype.email_account.email_account.pull for atualli.local
2021-07-20 10:40:33,909 INFO scheduler Scheduled Job Complete: frappe.email.doctype.email_account.email_account.pull for atualli.local
2021-07-20 10:40:33,995 INFO scheduler Scheduled Job Start: frappe.email.queue.flush for atualli.local
2021-07-20 10:40:34,365 INFO scheduler Scheduled Job Complete: frappe.email.queue.flush for atualli.local
2021-07-20 10:41:31,949 DEBUG scheduler Queued events for site atualli.local
2021-07-20 10:42:32,286 DEBUG scheduler Queued events for site atualli.local
2021-07-20 10:43:32,573 DEBUG scheduler Queued events for site atualli.local
2021-07-20 10:44:32,866 DEBUG scheduler Queued events for site atualli.local
2021-07-20 10:44:32,930 INFO scheduler Scheduled Job Start: frappe.monitor.flush for atualli.local
2021-07-20 10:44:33,279 INFO scheduler Scheduled Job Complete: frappe.monitor.flush for atualli.local
2021-07-20 10:44:33,375 INFO scheduler Scheduled Job Start: frappe.utils.global_search.sync_global_search for atualli.local
2021-07-20 10:44:33,754 INFO scheduler Scheduled Job Complete: frappe.utils.global_search.sync_global_search for atualli.local
2021-07-20 10:44:33,845 INFO scheduler Scheduled Job Start: frappe.integrations.doctype.razorpay_settings.razorpay_settings.capture_payment for atualli.local
2021-07-20 10:44:34,406 INFO scheduler Scheduled Job Complete: frappe.integrations.doctype.razorpay_settings.razorpay_settings.capture_payment for atualli.local
2021-07-20 10:44:34,503 INFO scheduler Scheduled Job Start: frappe.email.doctype.email_account.email_account.notify_unreplied for atualli.local
2021-07-20 10:44:34,975 INFO scheduler Scheduled Job Complete: frappe.email.doctype.email_account.email_account.notify_unreplied for atualli.local
2021-07-20 10:44:35,107 INFO scheduler Scheduled Job Start: frappe.email.doctype.email_account.email_account.pull for atualli.local
2021-07-20 10:44:35,568 INFO scheduler Scheduled Job Complete: frappe.email.doctype.email_account.email_account.pull for atualli.local
2021-07-20 10:44:35,660 INFO scheduler Scheduled Job Start: frappe.email.queue.flush for atualli.local
2021-07-20 10:44:36,168 INFO scheduler Scheduled Job Complete: frappe.email.queue.flush for atualli.local
2021-07-20 10:45:33,117 DEBUG scheduler Queued events for site atualli.local
2021-07-20 10:45:33,183 INFO scheduler Scheduled Job Start: frappe.twofactor.delete_all_barcodes_for_users for atualli.local
2021-07-20 10:45:33,695 INFO scheduler Scheduled Job Complete: frappe.twofactor.delete_all_barcodes_for_users for atualli.local
2021-07-20 10:45:33,804 INFO scheduler Scheduled Job Start: frappe.website.doctype.web_page.web_page.check_publish_status for atualli.local
2021-07-20 10:45:34,430 INFO scheduler Scheduled Job Complete: frappe.website.doctype.web_page.web_page.check_publish_status for atualli.local
2021-07-20 10:45:34,526 INFO scheduler Scheduled Job Start: frappe.oauth.delete_oauth2_data for atualli.local
2021-07-20 10:45:35,041 INFO scheduler Scheduled Job Complete: frappe.oauth.delete_oauth2_data for atualli.local
2021-07-20 10:46:33,355 DEBUG scheduler Queued events for site atualli.local
2021-07-20 10:47:33,594 DEBUG scheduler Queued events for site atualli.local
2021-07-20 10:48:33,913 DEBUG scheduler Queued events for site atualli.local
2021-07-20 10:48:33,953 INFO scheduler Scheduled Job Start: frappe.monitor.flush for atualli.local
2021-07-20 10:48:34,291 INFO scheduler Scheduled Job Complete: frappe.monitor.flush for atualli.local
2021-07-20 10:48:34,382 INFO scheduler Scheduled Job Start: frappe.utils.global_search.sync_global_search for atualli.local
2021-07-20 10:48:34,709 INFO scheduler Scheduled Job Complete: frappe.utils.global_search.sync_global_search for atualli.local
2021-07-20 10:48:34,823 INFO scheduler Scheduled Job Start: frappe.integrations.doctype.razorpay_settings.razorpay_settings.capture_payment for atualli.local
2021-07-20 10:48:35,298 INFO scheduler Scheduled Job Complete: frappe.integrations.doctype.razorpay_settings.razorpay_settings.capture_payment for atualli.local
2021-07-20 10:48:35,386 INFO scheduler Scheduled Job Start: frappe.email.doctype.email_account.email_account.notify_unreplied for atualli.local
2021-07-20 10:48:35,784 INFO scheduler Scheduled Job Complete: frappe.email.doctype.email_account.email_account.notify_unreplied for atualli.local
2021-07-20 10:48:35,872 INFO scheduler Scheduled Job Start: frappe.email.doctype.email_account.email_account.pull for atualli.local
2021-07-20 10:48:36,253 INFO scheduler Scheduled Job Complete: frappe.email.doctype.email_account.email_account.pull for atualli.local
2021-07-20 10:48:36,343 INFO scheduler Scheduled Job Start: frappe.email.queue.flush for atualli.local
2021-07-20 10:48:36,702 INFO scheduler Scheduled Job Complete: frappe.email.queue.flush for atualli.local
2021-07-20 10:49:34,167 DEBUG scheduler Queued events for site atualli.local
2021-07-20 10:50:34,483 DEBUG scheduler Queued events for site atualli.local
2021-07-20 10:51:34,724 DEBUG scheduler Queued events for site atualli.local
2021-07-20 10:52:34,975 DEBUG scheduler Queued events for site atualli.local
2021-07-20 10:52:35,017 INFO scheduler Scheduled Job Start: frappe.monitor.flush for atualli.local
2021-07-20 10:52:35,351 INFO scheduler Scheduled Job Complete: frappe.monitor.flush for atualli.local
2021-07-20 10:52:35,458 INFO scheduler Scheduled Job Start: frappe.utils.global_search.sync_global_search for atualli.local
2021-07-20 10:52:35,816 INFO scheduler Scheduled Job Complete: frappe.utils.global_search.sync_global_search for atualli.local
2021-07-20 10:52:35,914 INFO scheduler Scheduled Job Start: frappe.integrations.doctype.razorpay_settings.razorpay_settings.capture_payment for atualli.local
2021-07-20 10:52:36,418 INFO scheduler Scheduled Job Complete: frappe.integrations.doctype.razorpay_settings.razorpay_settings.capture_payment for atualli.local
2021-07-20 10:52:36,505 INFO scheduler Scheduled Job Start: frappe.email.doctype.email_account.email_account.notify_unreplied for atualli.local
2021-07-20 10:52:36,992 INFO scheduler Scheduled Job Complete: frappe.email.doctype.email_account.email_account.notify_unreplied for atualli.local
2021-07-20 10:52:37,096 INFO scheduler Scheduled Job Start: frappe.email.doctype.email_account.email_account.pull for atualli.local
2021-07-20 10:52:37,582 INFO scheduler Scheduled Job Complete: frappe.email.doctype.email_account.email_account.pull for atualli.local
2021-07-20 10:52:37,678 INFO scheduler Scheduled Job Start: frappe.email.queue.flush for atualli.local
2021-07-20 10:52:38,086 INFO scheduler Scheduled Job Complete: frappe.email.queue.flush for atualli.local
2021-07-20 10:53:35,208 DEBUG scheduler Queued events for site atualli.local
2021-07-20 10:54:35,454 DEBUG scheduler Queued events for site atualli.local
2021-07-20 10:55:35,783 DEBUG scheduler Queued events for site atualli.local
2021-07-20 10:56:36,156 DEBUG scheduler Queued events for site atualli.local
2021-07-20 10:56:36,210 INFO scheduler Scheduled Job Start: frappe.monitor.flush for atualli.local
2021-07-20 10:56:36,575 INFO scheduler Scheduled Job Complete: frappe.monitor.flush for atualli.local
2021-07-20 10:56:36,688 INFO scheduler Scheduled Job Start: frappe.utils.global_search.sync_global_search for atualli.local
2021-07-20 10:56:37,096 INFO scheduler Scheduled Job Complete: frappe.utils.global_search.sync_global_search for atualli.local
2021-07-20 10:56:37,261 INFO scheduler Scheduled Job Start: frappe.integrations.doctype.razorpay_settings.razorpay_settings.capture_payment for atualli.local
2021-07-20 10:56:37,941 INFO scheduler Scheduled Job Complete: frappe.integrations.doctype.razorpay_settings.razorpay_settings.capture_payment for atualli.local
2021-07-20 10:56:38,080 INFO scheduler Scheduled Job Start: frappe.email.doctype.email_account.email_account.notify_unreplied for atualli.local
2021-07-20 10:56:38,620 INFO scheduler Scheduled Job Complete: frappe.email.doctype.email_account.email_account.notify_unreplied for atualli.local
2021-07-20 10:56:38,835 INFO scheduler Scheduled Job Start: frappe.email.doctype.email_account.email_account.pull for atualli.local
2021-07-20 10:56:39,578 INFO scheduler Scheduled Job Complete: frappe.email.doctype.email_account.email_account.pull for atualli.local
2021-07-20 10:56:39,664 INFO scheduler Scheduled Job Start: frappe.email.queue.flush for atualli.local
2021-07-20 10:56:40,223 INFO scheduler Scheduled Job Complete: frappe.email.queue.flush for atualli.local
2021-07-20 10:57:36,401 DEBUG scheduler Queued events for site atualli.local
2021-07-20 10:58:36,648 DEBUG scheduler Queued events for site atualli.local
2021-07-20 10:59:37,020 DEBUG scheduler Queued events for site atualli.local
2021-07-20 11:00:37,319 INFO scheduler Scheduled Job Start: frappe.email.doctype.newsletter.newsletter.send_scheduled_email for atualli.local
2021-07-20 11:00:37,403 DEBUG scheduler Queued events for site atualli.local
2021-07-20 11:00:37,936 INFO scheduler Scheduled Job Complete: frappe.email.doctype.newsletter.newsletter.send_scheduled_email for atualli.local
2021-07-20 11:00:38,055 INFO scheduler Scheduled Job Start: frappe.integrations.doctype.google_calendar.google_calendar.sync for atualli.local
2021-07-20 11:00:38,835 INFO scheduler Scheduled Job Complete: frappe.integrations.doctype.google_calendar.google_calendar.sync for atualli.local
2021-07-20 11:00:38,931 INFO scheduler Scheduled Job Start: frappe.desk.form.document_follow.send_hourly_updates for atualli.local
2021-07-20 11:00:39,414 INFO scheduler Scheduled Job Complete: frappe.desk.form.document_follow.send_hourly_updates for atualli.local
2021-07-20 11:00:39,509 INFO scheduler Scheduled Job Start: frappe.deferred_insert.save_to_db for atualli.local
2021-07-20 11:00:40,264 INFO scheduler Scheduled Job Complete: frappe.deferred_insert.save_to_db for atualli.local
2021-07-20 11:00:40,364 INFO scheduler Scheduled Job Start: frappe.desk.page.backups.backups.delete_downloadable_backups for atualli.local
2021-07-20 11:00:40,948 INFO scheduler Scheduled Job Complete: frappe.desk.page.backups.backups.delete_downloadable_backups for atualli.local
2021-07-20 11:00:41,160 INFO scheduler Scheduled Job Start: frappe.utils.error.collect_error_snapshots for atualli.local
2021-07-20 11:00:41,654 INFO scheduler Scheduled Job Complete: frappe.utils.error.collect_error_snapshots for atualli.local
2021-07-20 11:00:41,754 INFO scheduler Scheduled Job Start: frappe.model.utils.user_settings.sync_user_settings for atualli.local
2021-07-20 11:00:42,203 INFO scheduler Scheduled Job Complete: frappe.model.utils.user_settings.sync_user_settings for atualli.local
2021-07-20 11:00:42,301 INFO scheduler Scheduled Job Start: frappe.model.utils.link_count.update_link_count for atualli.local
2021-07-20 11:00:43,050 INFO scheduler Scheduled Job Complete: frappe.model.utils.link_count.update_link_count for atualli.local
2021-07-20 11:00:43,178 INFO scheduler Scheduled Job Start: frappe.monitor.flush for atualli.local
2021-07-20 11:00:43,508 INFO scheduler Scheduled Job Complete: frappe.monitor.flush for atualli.local
2021-07-20 11:00:43,670 INFO scheduler Scheduled Job Start: frappe.utils.global_search.sync_global_search for atualli.local
2021-07-20 11:00:44,168 INFO scheduler Scheduled Job Complete: frappe.utils.global_search.sync_global_search for atualli.local
2021-07-20 11:00:44,279 INFO scheduler Scheduled Job Start: frappe.integrations.doctype.razorpay_settings.razorpay_settings.capture_payment for atualli.local
2021-07-20 11:00:44,929 INFO scheduler Scheduled Job Complete: frappe.integrations.doctype.razorpay_settings.razorpay_settings.capture_payment for atualli.local
2021-07-20 11:00:45,029 INFO scheduler Scheduled Job Start: frappe.email.doctype.email_account.email_account.notify_unreplied for atualli.local
2021-07-20 11:00:45,449 INFO scheduler Scheduled Job Complete: frappe.email.doctype.email_account.email_account.notify_unreplied for atualli.local
2021-07-20 11:00:45,536 INFO scheduler Scheduled Job Start: frappe.email.doctype.email_account.email_account.pull for atualli.local
2021-07-20 11:00:46,086 INFO scheduler Scheduled Job Complete: frappe.email.doctype.email_account.email_account.pull for atualli.local
2021-07-20 11:00:46,205 INFO scheduler Scheduled Job Start: frappe.email.queue.flush for atualli.local
2021-07-20 11:00:46,627 INFO scheduler Scheduled Job Complete: frappe.email.queue.flush for atualli.local
2021-07-20 11:00:46,823 INFO scheduler Scheduled Job Start: frappe.twofactor.delete_all_barcodes_for_users for atualli.local
2021-07-20 11:00:47,400 INFO scheduler Scheduled Job Complete: frappe.twofactor.delete_all_barcodes_for_users for atualli.local
2021-07-20 11:00:47,589 INFO scheduler Scheduled Job Start: frappe.website.doctype.web_page.web_page.check_publish_status for atualli.local
2021-07-20 11:00:48,292 INFO scheduler Scheduled Job Complete: frappe.website.doctype.web_page.web_page.check_publish_status for atualli.local
2021-07-20 11:00:48,414 INFO scheduler Scheduled Job Start: frappe.oauth.delete_oauth2_data for atualli.local
2021-07-20 11:00:48,891 INFO scheduler Scheduled Job Complete: frappe.oauth.delete_oauth2_data for atualli.local
2021-07-20 11:01:37,647 DEBUG scheduler Queued events for site atualli.local
2021-07-20 11:02:37,977 DEBUG scheduler Queued events for site atualli.local
2021-07-20 11:03:38,215 DEBUG scheduler Queued events for site atualli.local
2021-07-20 11:04:38,493 DEBUG scheduler Queued events for site atualli.local
2021-07-20 11:04:38,529 INFO scheduler Scheduled Job Start: frappe.monitor.flush for atualli.local
2021-07-20 11:04:38,907 INFO scheduler Scheduled Job Complete: frappe.monitor.flush for atualli.local
2021-07-20 11:04:39,016 INFO scheduler Scheduled Job Start: frappe.utils.global_search.sync_global_search for atualli.local
2021-07-20 11:04:39,378 INFO scheduler Scheduled Job Complete: frappe.utils.global_search.sync_global_search for atualli.local
2021-07-20 11:04:39,470 INFO scheduler Scheduled Job Start: frappe.integrations.doctype.razorpay_settings.razorpay_settings.capture_payment for atualli.local
2021-07-20 11:04:39,928 INFO scheduler Scheduled Job Complete: frappe.integrations.doctype.razorpay_settings.razorpay_settings.capture_payment for atualli.local
2021-07-20 11:04:40,015 INFO scheduler Scheduled Job Start: frappe.email.doctype.email_account.email_account.notify_unreplied for atualli.local
2021-07-20 11:04:40,377 INFO scheduler Scheduled Job Complete: frappe.email.doctype.email_account.email_account.notify_unreplied for atualli.local
2021-07-20 11:04:40,462 INFO scheduler Scheduled Job Start: frappe.email.doctype.email_account.email_account.pull for atualli.local
2021-07-20 11:04:40,940 INFO scheduler Scheduled Job Complete: frappe.email.doctype.email_account.email_account.pull for atualli.local
2021-07-20 11:04:41,048 INFO scheduler Scheduled Job Start: frappe.email.queue.flush for atualli.local
2021-07-20 11:04:41,460 INFO scheduler Scheduled Job Complete: frappe.email.queue.flush for atualli.local
2021-07-20 11:05:38,932 DEBUG scheduler Queued events for site atualli.local
2021-07-20 11:06:39,169 DEBUG scheduler Queued events for site atualli.local
2021-07-20 11:07:39,406 DEBUG scheduler Queued events for site atualli.local
2021-07-20 11:08:39,677 DEBUG scheduler Queued events for site atualli.local
2021-07-20 11:08:39,726 INFO scheduler Scheduled Job Start: frappe.monitor.flush for atualli.local
2021-07-20 11:08:40,055 INFO scheduler Scheduled Job Complete: frappe.monitor.flush for atualli.local
2021-07-20 11:08:40,141 INFO scheduler Scheduled Job Start: frappe.utils.global_search.sync_global_search for atualli.local
2021-07-20 11:08:40,482 INFO scheduler Scheduled Job Complete: frappe.utils.global_search.sync_global_search for atualli.local
2021-07-20 11:08:40,588 INFO scheduler Scheduled Job Start: frappe.integrations.doctype.razorpay_settings.razorpay_settings.capture_payment for atualli.local
2021-07-20 11:08:41,056 INFO scheduler Scheduled Job Complete: frappe.integrations.doctype.razorpay_settings.razorpay_settings.capture_payment for atualli.local
2021-07-20 11:08:41,141 INFO scheduler Scheduled Job Start: frappe.email.doctype.email_account.email_account.notify_unreplied for atualli.local
2021-07-20 11:08:41,556 INFO scheduler Scheduled Job Complete: frappe.email.doctype.email_account.email_account.notify_unreplied for atualli.local
2021-07-20 11:08:41,641 INFO scheduler Scheduled Job Start: frappe.email.doctype.email_account.email_account.pull for atualli.local
2021-07-20 11:08:42,047 INFO scheduler Scheduled Job Complete: frappe.email.doctype.email_account.email_account.pull for atualli.local
2021-07-20 11:08:42,135 INFO scheduler Scheduled Job Start: frappe.email.queue.flush for atualli.local
2021-07-20 11:08:42,503 INFO scheduler Scheduled Job Complete: frappe.email.queue.flush for atualli.local
2021-07-20 11:09:39,929 DEBUG scheduler Queued events for site atualli.local
2021-07-20 11:10:40,182 DEBUG scheduler Queued events for site atualli.local
2021-07-20 11:11:40,433 DEBUG scheduler Queued events for site atualli.local
2021-07-20 11:12:40,880 DEBUG scheduler Queued events for site atualli.local
2021-07-20 11:12:40,920 INFO scheduler Scheduled Job Start: frappe.monitor.flush for atualli.local
2021-07-20 11:12:41,257 INFO scheduler Scheduled Job Complete: frappe.monitor.flush for atualli.local
2021-07-20 11:12:41,374 INFO scheduler Scheduled Job Start: frappe.utils.global_search.sync_global_search for atualli.local
2021-07-20 11:12:41,702 INFO scheduler Scheduled Job Complete: frappe.utils.global_search.sync_global_search for atualli.local
2021-07-20 11:12:41,812 INFO scheduler Scheduled Job Start: frappe.integrations.doctype.razorpay_settings.razorpay_settings.capture_payment for atualli.local
2021-07-20 11:12:42,350 INFO scheduler Scheduled Job Complete: frappe.integrations.doctype.razorpay_settings.razorpay_settings.capture_payment for atualli.local
2021-07-20 11:12:42,435 INFO scheduler Scheduled Job Start: frappe.email.doctype.email_account.email_account.notify_unreplied for atualli.local
2021-07-20 11:12:42,850 INFO scheduler Scheduled Job Complete: frappe.email.doctype.email_account.email_account.notify_unreplied for atualli.local
2021-07-20 11:12:42,935 INFO scheduler Scheduled Job Start: frappe.email.doctype.email_account.email_account.pull for atualli.local
2021-07-20 11:12:43,361 INFO scheduler Scheduled Job Complete: frappe.email.doctype.email_account.email_account.pull for atualli.local
2021-07-20 11:12:43,446 INFO scheduler Scheduled Job Start: frappe.email.queue.flush for atualli.local
2021-07-20 11:12:43,789 INFO scheduler Scheduled Job Complete: frappe.email.queue.flush for atualli.local
2021-07-20 11:13:41,133 DEBUG scheduler Queued events for site atualli.local
2021-07-20 11:14:41,535 DEBUG scheduler Queued events for site atualli.local
2021-07-20 11:15:41,764 DEBUG scheduler Queued events for site atualli.local
2021-07-20 11:15:41,888 INFO scheduler Scheduled Job Start: frappe.twofactor.delete_all_barcodes_for_users for atualli.local
2021-07-20 11:15:42,435 INFO scheduler Scheduled Job Complete: frappe.twofactor.delete_all_barcodes_for_users for atualli.local
2021-07-20 11:15:42,533 INFO scheduler Scheduled Job Start: frappe.website.doctype.web_page.web_page.check_publish_status for atualli.local
2021-07-20 11:15:43,118 INFO scheduler Scheduled Job Complete: frappe.website.doctype.web_page.web_page.check_publish_status for atualli.local
2021-07-20 11:15:43,244 INFO scheduler Scheduled Job Start: frappe.oauth.delete_oauth2_data for atualli.local
2021-07-20 11:15:43,742 INFO scheduler Scheduled Job Complete: frappe.oauth.delete_oauth2_data for atualli.local
2021-07-20 11:16:42,191 DEBUG scheduler Queued events for site atualli.local
2021-07-20 11:16:42,249 INFO scheduler Scheduled Job Start: frappe.monitor.flush for atualli.local
2021-07-20 11:16:42,808 INFO scheduler Scheduled Job Complete: frappe.monitor.flush for atualli.local
2021-07-20 11:16:43,033 INFO scheduler Scheduled Job Start: frappe.utils.global_search.sync_global_search for atualli.local
2021-07-20 11:16:43,454 INFO scheduler Scheduled Job Complete: frappe.utils.global_search.sync_global_search for atualli.local
2021-07-20 11:16:43,572 INFO scheduler Scheduled Job Start: frappe.integrations.doctype.razorpay_settings.razorpay_settings.capture_payment for atualli.local
2021-07-20 11:16:44,227 INFO scheduler Scheduled Job Complete: frappe.integrations.doctype.razorpay_settings.razorpay_settings.capture_payment for atualli.local
2021-07-20 11:16:44,316 INFO scheduler Scheduled Job Start: frappe.email.doctype.email_account.email_account.notify_unreplied for atualli.local
2021-07-20 11:16:44,685 INFO scheduler Scheduled Job Complete: frappe.email.doctype.email_account.email_account.notify_unreplied for atualli.local
2021-07-20 11:16:44,773 INFO scheduler Scheduled Job Start: frappe.email.doctype.email_account.email_account.pull for atualli.local
2021-07-20 11:16:45,186 INFO scheduler Scheduled Job Complete: frappe.email.doctype.email_account.email_account.pull for atualli.local
2021-07-20 11:16:45,273 INFO scheduler Scheduled Job Start: frappe.email.queue.flush for atualli.local
2021-07-20 11:16:45,655 INFO scheduler Scheduled Job Complete: frappe.email.queue.flush for atualli.local
2021-07-20 11:17:42,444 DEBUG scheduler Queued events for site atualli.local
2021-07-20 11:18:42,692 DEBUG scheduler Queued events for site atualli.local
2021-07-20 11:19:42,962 DEBUG scheduler Queued events for site atualli.local
2021-07-20 11:20:43,236 DEBUG scheduler Queued events for site atualli.local
2021-07-20 11:20:43,562 INFO scheduler Scheduled Job Start: frappe.monitor.flush for atualli.local
2021-07-20 11:20:44,363 INFO scheduler Scheduled Job Complete: frappe.monitor.flush for atualli.local
2021-07-20 11:20:44,450 INFO scheduler Scheduled Job Start: frappe.utils.global_search.sync_global_search for atualli.local
2021-07-20 11:20:44,750 INFO scheduler Scheduled Job Complete: frappe.utils.global_search.sync_global_search for atualli.local
2021-07-20 11:20:44,837 INFO scheduler Scheduled Job Start: frappe.integrations.doctype.razorpay_settings.razorpay_settings.capture_payment for atualli.local
2021-07-20 11:20:45,397 INFO scheduler Scheduled Job Complete: frappe.integrations.doctype.razorpay_settings.razorpay_settings.capture_payment for atualli.local
2021-07-20 11:20:45,486 INFO scheduler Scheduled Job Start: frappe.email.doctype.email_account.email_account.notify_unreplied for atualli.local
2021-07-20 11:20:45,947 INFO scheduler Scheduled Job Complete: frappe.email.doctype.email_account.email_account.notify_unreplied for atualli.local
2021-07-20 11:20:46,036 INFO scheduler Scheduled Job Start: frappe.email.doctype.email_account.email_account.pull for atualli.local
2021-07-20 11:20:46,534 INFO scheduler Scheduled Job Complete: frappe.email.doctype.email_account.email_account.pull for atualli.local
2021-07-20 11:20:46,625 INFO scheduler Scheduled Job Start: frappe.email.queue.flush for atualli.local
2021-07-20 11:20:47,032 INFO scheduler Scheduled Job Complete: frappe.email.queue.flush for atualli.local
2021-07-20 11:21:43,482 DEBUG scheduler Queued events for site atualli.local
2021-07-20 11:22:43,765 DEBUG scheduler Queued events for site atualli.local
2021-07-20 11:23:44,033 DEBUG scheduler Queued events for site atualli.local
2021-07-20 11:24:44,320 DEBUG scheduler Queued events for site atualli.local
2021-07-20 11:24:44,406 INFO scheduler Scheduled Job Start: frappe.monitor.flush for atualli.local
2021-07-20 11:24:44,728 INFO scheduler Scheduled Job Complete: frappe.monitor.flush for atualli.local
2021-07-20 11:24:44,817 INFO scheduler Scheduled Job Start: frappe.utils.global_search.sync_global_search for atualli.local
2021-07-20 11:24:45,156 INFO scheduler Scheduled Job Complete: frappe.utils.global_search.sync_global_search for atualli.local
2021-07-20 11:24:45,266 INFO scheduler Scheduled Job Start: frappe.integrations.doctype.razorpay_settings.razorpay_settings.capture_payment for atualli.local
2021-07-20 11:24:45,759 INFO scheduler Scheduled Job Complete: frappe.integrations.doctype.razorpay_settings.razorpay_settings.capture_payment for atualli.local
2021-07-20 11:24:45,846 INFO scheduler Scheduled Job Start: frappe.email.doctype.email_account.email_account.notify_unreplied for atualli.local
2021-07-20 11:24:46,212 INFO scheduler Scheduled Job Complete: frappe.email.doctype.email_account.email_account.notify_unreplied for atualli.local
2021-07-20 11:24:46,299 INFO scheduler Scheduled Job Start: frappe.email.doctype.email_account.email_account.pull for atualli.local
2021-07-20 11:24:46,707 INFO scheduler Scheduled Job Complete: frappe.email.doctype.email_account.email_account.pull for atualli.local
2021-07-20 11:24:46,795 INFO scheduler Scheduled Job Start: frappe.email.queue.flush for atualli.local
2021-07-20 11:24:47,167 INFO scheduler Scheduled Job Complete: frappe.email.queue.flush for atualli.local
2021-07-20 11:25:44,565 DEBUG scheduler Queued events for site atualli.local
2021-07-20 11:26:44,992 DEBUG scheduler Queued events for site atualli.local
2021-07-20 11:27:45,236 DEBUG scheduler Queued events for site atualli.local
2021-07-20 11:28:45,529 DEBUG scheduler Queued events for site atualli.local
2021-07-20 11:28:45,573 INFO scheduler Scheduled Job Start: frappe.monitor.flush for atualli.local
2021-07-20 11:28:46,026 INFO scheduler Scheduled Job Complete: frappe.monitor.flush for atualli.local
2021-07-20 11:28:46,129 INFO scheduler Scheduled Job Start: frappe.utils.global_search.sync_global_search for atualli.local
2021-07-20 11:28:46,646 INFO scheduler Scheduled Job Complete: frappe.utils.global_search.sync_global_search for atualli.local
2021-07-20 11:28:46,777 INFO scheduler Scheduled Job Start: frappe.integrations.doctype.razorpay_settings.razorpay_settings.capture_payment for atualli.local
2021-07-20 11:28:47,319 INFO scheduler Scheduled Job Complete: frappe.integrations.doctype.razorpay_settings.razorpay_settings.capture_payment for atualli.local
2021-07-20 11:28:47,410 INFO scheduler Scheduled Job Start: frappe.email.doctype.email_account.email_account.notify_unreplied for atualli.local
2021-07-20 11:28:47,813 INFO scheduler Scheduled Job Complete: frappe.email.doctype.email_account.email_account.notify_unreplied for atualli.local
2021-07-20 11:28:47,908 INFO scheduler Scheduled Job Start: frappe.email.doctype.email_account.email_account.pull for atualli.local
2021-07-20 11:28:48,286 INFO scheduler Scheduled Job Complete: frappe.email.doctype.email_account.email_account.pull for atualli.local
2021-07-20 11:28:48,375 INFO scheduler Scheduled Job Start: frappe.email.queue.flush for atualli.local
2021-07-20 11:28:48,734 INFO scheduler Scheduled Job Complete: frappe.email.queue.flush for atualli.local
2021-07-20 11:29:45,760 DEBUG scheduler Queued events for site atualli.local
2021-07-20 11:30:46,010 DEBUG scheduler Queued events for site atualli.local
2021-07-20 11:30:46,079 INFO scheduler Scheduled Job Start: frappe.twofactor.delete_all_barcodes_for_users for atualli.local
2021-07-20 11:30:46,616 INFO scheduler Scheduled Job Complete: frappe.twofactor.delete_all_barcodes_for_users for atualli.local
2021-07-20 11:30:46,714 INFO scheduler Scheduled Job Start: frappe.website.doctype.web_page.web_page.check_publish_status for atualli.local
2021-07-20 11:30:47,337 INFO scheduler Scheduled Job Complete: frappe.website.doctype.web_page.web_page.check_publish_status for atualli.local
2021-07-20 11:30:47,435 INFO scheduler Scheduled Job Start: frappe.oauth.delete_oauth2_data for atualli.local
2021-07-20 11:30:47,914 INFO scheduler Scheduled Job Complete: frappe.oauth.delete_oauth2_data for atualli.local
2021-07-20 11:31:46,249 DEBUG scheduler Queued events for site atualli.local
2021-07-20 11:32:46,596 DEBUG scheduler Queued events for site atualli.local
2021-07-20 11:32:46,675 INFO scheduler Scheduled Job Start: frappe.monitor.flush for atualli.local
2021-07-20 11:32:47,010 INFO scheduler Scheduled Job Complete: frappe.monitor.flush for atualli.local
2021-07-20 11:32:47,113 INFO scheduler Scheduled Job Start: frappe.utils.global_search.sync_global_search for atualli.local
2021-07-20 11:32:47,492 INFO scheduler Scheduled Job Complete: frappe.utils.global_search.sync_global_search for atualli.local
2021-07-20 11:32:47,581 INFO scheduler Scheduled Job Start: frappe.integrations.doctype.razorpay_settings.razorpay_settings.capture_payment for atualli.local
2021-07-20 11:32:48,090 INFO scheduler Scheduled Job Complete: frappe.integrations.doctype.razorpay_settings.razorpay_settings.capture_payment for atualli.local
2021-07-20 11:32:48,194 INFO scheduler Scheduled Job Start: frappe.email.doctype.email_account.email_account.notify_unreplied for atualli.local
2021-07-20 11:32:48,605 INFO scheduler Scheduled Job Complete: frappe.email.doctype.email_account.email_account.notify_unreplied for atualli.local
2021-07-20 11:32:48,693 INFO scheduler Scheduled Job Start: frappe.email.doctype.email_account.email_account.pull for atualli.local
2021-07-20 11:32:49,128 INFO scheduler Scheduled Job Complete: frappe.email.doctype.email_account.email_account.pull for atualli.local
2021-07-20 11:32:49,228 INFO scheduler Scheduled Job Start: frappe.email.queue.flush for atualli.local
2021-07-20 11:32:49,731 INFO scheduler Scheduled Job Complete: frappe.email.queue.flush for atualli.local
2021-07-20 11:33:46,850 DEBUG scheduler Queued events for site atualli.local
2021-07-20 11:34:47,204 DEBUG scheduler Queued events for site atualli.local
2021-07-20 11:35:47,419 DEBUG scheduler Queued events for site atualli.local
2021-07-20 11:36:47,709 DEBUG scheduler Queued events for site atualli.local
2021-07-20 11:36:47,751 INFO scheduler Scheduled Job Start: frappe.monitor.flush for atualli.local
2021-07-20 11:36:48,077 INFO scheduler Scheduled Job Complete: frappe.monitor.flush for atualli.local
2021-07-20 11:36:48,168 INFO scheduler Scheduled Job Start: frappe.utils.global_search.sync_global_search for atualli.local
2021-07-20 11:36:48,496 INFO scheduler Scheduled Job Complete: frappe.utils.global_search.sync_global_search for atualli.local
2021-07-20 11:36:48,588 INFO scheduler Scheduled Job Start: frappe.integrations.doctype.razorpay_settings.razorpay_settings.capture_payment for atualli.local
2021-07-20 11:36:49,056 INFO scheduler Scheduled Job Complete: frappe.integrations.doctype.razorpay_settings.razorpay_settings.capture_payment for atualli.local
2021-07-20 11:36:49,143 INFO scheduler Scheduled Job Start: frappe.email.doctype.email_account.email_account.notify_unreplied for atualli.local
2021-07-20 11:36:49,556 INFO scheduler Scheduled Job Complete: frappe.email.doctype.email_account.email_account.notify_unreplied for atualli.local
2021-07-20 11:36:49,648 INFO scheduler Scheduled Job Start: frappe.email.doctype.email_account.email_account.pull for atualli.local
2021-07-20 11:36:50,166 INFO scheduler Scheduled Job Complete: frappe.email.doctype.email_account.email_account.pull for atualli.local
2021-07-20 11:36:50,254 INFO scheduler Scheduled Job Start: frappe.email.queue.flush for atualli.local
2021-07-20 11:36:50,622 INFO scheduler Scheduled Job Complete: frappe.email.queue.flush for atualli.local
2021-07-20 11:37:47,955 DEBUG scheduler Queued events for site atualli.local
2021-07-20 11:38:48,197 DEBUG scheduler Queued events for site atualli.local
2021-07-20 11:39:48,443 DEBUG scheduler Queued events for site atualli.local
2021-07-20 11:40:48,728 DEBUG scheduler Queued events for site atualli.local
2021-07-20 11:40:48,772 INFO scheduler Scheduled Job Start: frappe.monitor.flush for atualli.local
2021-07-20 11:40:49,089 INFO scheduler Scheduled Job Complete: frappe.monitor.flush for atualli.local
2021-07-20 11:40:49,177 INFO scheduler Scheduled Job Start: frappe.utils.global_search.sync_global_search for atualli.local
2021-07-20 11:40:49,507 INFO scheduler Scheduled Job Complete: frappe.utils.global_search.sync_global_search for atualli.local
2021-07-20 11:40:49,597 INFO scheduler Scheduled Job Start: frappe.integrations.doctype.razorpay_settings.razorpay_settings.capture_payment for atualli.local
2021-07-20 11:40:50,079 INFO scheduler Scheduled Job Complete: frappe.integrations.doctype.razorpay_settings.razorpay_settings.capture_payment for atualli.local
2021-07-20 11:40:50,167 INFO scheduler Scheduled Job Start: frappe.email.doctype.email_account.email_account.notify_unreplied for atualli.local
2021-07-20 11:40:50,565 INFO scheduler Scheduled Job Complete: frappe.email.doctype.email_account.email_account.notify_unreplied for atualli.local
2021-07-20 11:40:50,653 INFO scheduler Scheduled Job Start: frappe.email.doctype.email_account.email_account.pull for atualli.local
2021-07-20 11:40:51,052 INFO scheduler Scheduled Job Complete: frappe.email.doctype.email_account.email_account.pull for atualli.local
2021-07-20 11:40:51,141 INFO scheduler Scheduled Job Start: frappe.email.queue.flush for atualli.local
2021-07-20 11:40:51,512 INFO scheduler Scheduled Job Complete: frappe.email.queue.flush for atualli.local
2021-07-20 11:41:48,964 DEBUG scheduler Queued events for site atualli.local
2021-07-20 11:42:49,209 DEBUG scheduler Queued events for site atualli.local
2021-07-20 11:43:49,460 DEBUG scheduler Queued events for site atualli.local
2021-07-20 11:44:49,706 DEBUG scheduler Queued events for site atualli.local
2021-07-20 11:44:49,749 INFO scheduler Scheduled Job Start: frappe.monitor.flush for atualli.local
2021-07-20 11:44:50,066 INFO scheduler Scheduled Job Complete: frappe.monitor.flush for atualli.local
2021-07-20 11:44:50,159 INFO scheduler Scheduled Job Start: frappe.utils.global_search.sync_global_search for atualli.local
2021-07-20 11:44:50,454 INFO scheduler Scheduled Job Complete: frappe.utils.global_search.sync_global_search for atualli.local
2021-07-20 11:44:50,542 INFO scheduler Scheduled Job Start: frappe.integrations.doctype.razorpay_settings.razorpay_settings.capture_payment for atualli.local
2021-07-20 11:44:50,977 INFO scheduler Scheduled Job Complete: frappe.integrations.doctype.razorpay_settings.razorpay_settings.capture_payment for atualli.local
2021-07-20 11:44:51,065 INFO scheduler Scheduled Job Start: frappe.email.doctype.email_account.email_account.notify_unreplied for atualli.local
2021-07-20 11:44:51,453 INFO scheduler Scheduled Job Complete: frappe.email.doctype.email_account.email_account.notify_unreplied for atualli.local
2021-07-20 11:44:51,540 INFO scheduler Scheduled Job Start: frappe.email.doctype.email_account.email_account.pull for atualli.local
2021-07-20 11:44:51,913 INFO scheduler Scheduled Job Complete: frappe.email.doctype.email_account.email_account.pull for atualli.local
2021-07-20 11:44:52,000 INFO scheduler Scheduled Job Start: frappe.email.queue.flush for atualli.local
2021-07-20 11:44:52,362 INFO scheduler Scheduled Job Complete: frappe.email.queue.flush for atualli.local
2021-07-20 11:45:49,945 DEBUG scheduler Queued events for site atualli.local
2021-07-20 11:45:50,015 INFO scheduler Scheduled Job Start: frappe.twofactor.delete_all_barcodes_for_users for atualli.local
2021-07-20 11:45:50,484 INFO scheduler Scheduled Job Complete: frappe.twofactor.delete_all_barcodes_for_users for atualli.local
2021-07-20 11:45:50,582 INFO scheduler Scheduled Job Start: frappe.website.doctype.web_page.web_page.check_publish_status for atualli.local
2021-07-20 11:45:51,148 INFO scheduler Scheduled Job Complete: frappe.website.doctype.web_page.web_page.check_publish_status for atualli.local
2021-07-20 11:45:51,268 INFO scheduler Scheduled Job Start: frappe.oauth.delete_oauth2_data for atualli.local
2021-07-20 11:45:51,719 INFO scheduler Scheduled Job Complete: frappe.oauth.delete_oauth2_data for atualli.local
2021-07-20 11:46:50,181 DEBUG scheduler Queued events for site atualli.local
2021-07-20 11:47:50,413 DEBUG scheduler Queued events for site atualli.local
2021-07-20 11:48:50,712 DEBUG scheduler Queued events for site atualli.local
2021-07-20 11:48:50,749 INFO scheduler Scheduled Job Start: frappe.monitor.flush for atualli.local
2021-07-20 11:48:51,067 INFO scheduler Scheduled Job Complete: frappe.monitor.flush for atualli.local
2021-07-20 11:48:51,167 INFO scheduler Scheduled Job Start: frappe.utils.global_search.sync_global_search for atualli.local
2021-07-20 11:48:51,493 INFO scheduler Scheduled Job Complete: frappe.utils.global_search.sync_global_search for atualli.local
2021-07-20 11:48:51,595 INFO scheduler Scheduled Job Start: frappe.integrations.doctype.razorpay_settings.razorpay_settings.capture_payment for atualli.local
2021-07-20 11:48:52,065 INFO scheduler Scheduled Job Complete: frappe.integrations.doctype.razorpay_settings.razorpay_settings.capture_payment for atualli.local
2021-07-20 11:48:52,152 INFO scheduler Scheduled Job Start: frappe.email.doctype.email_account.email_account.notify_unreplied for atualli.local
2021-07-20 11:48:52,549 INFO scheduler Scheduled Job Complete: frappe.email.doctype.email_account.email_account.notify_unreplied for atualli.local
2021-07-20 11:48:52,636 INFO scheduler Scheduled Job Start: frappe.email.doctype.email_account.email_account.pull for atualli.local
2021-07-20 11:48:53,064 INFO scheduler Scheduled Job Complete: frappe.email.doctype.email_account.email_account.pull for atualli.local
2021-07-20 11:48:53,153 INFO scheduler Scheduled Job Start: frappe.email.queue.flush for atualli.local
2021-07-20 11:48:53,522 INFO scheduler Scheduled Job Complete: frappe.email.queue.flush for atualli.local
2021-07-20 11:49:50,954 DEBUG scheduler Queued events for site atualli.local
2021-07-20 11:50:51,291 DEBUG scheduler Queued events for site atualli.local
2021-07-20 11:51:51,552 DEBUG scheduler Queued events for site atualli.local
2021-07-20 11:52:51,980 DEBUG scheduler Queued events for site atualli.local
2021-07-20 11:52:52,023 INFO scheduler Scheduled Job Start: frappe.monitor.flush for atualli.local
2021-07-20 11:52:52,370 INFO scheduler Scheduled Job Complete: frappe.monitor.flush for atualli.local
2021-07-20 11:52:52,476 INFO scheduler Scheduled Job Start: frappe.utils.global_search.sync_global_search for atualli.local
2021-07-20 11:52:53,005 INFO scheduler Scheduled Job Complete: frappe.utils.global_search.sync_global_search for atualli.local
2021-07-20 11:52:53,142 INFO scheduler Scheduled Job Start: frappe.integrations.doctype.razorpay_settings.razorpay_settings.capture_payment for atualli.local
2021-07-20 11:52:53,594 INFO scheduler Scheduled Job Complete: frappe.integrations.doctype.razorpay_settings.razorpay_settings.capture_payment for atualli.local
2021-07-20 11:52:53,685 INFO scheduler Scheduled Job Start: frappe.email.doctype.email_account.email_account.notify_unreplied for atualli.local
2021-07-20 11:52:54,252 INFO scheduler Scheduled Job Complete: frappe.email.doctype.email_account.email_account.notify_unreplied for atualli.local
2021-07-20 11:52:54,341 INFO scheduler Scheduled Job Start: frappe.email.doctype.email_account.email_account.pull for atualli.local
2021-07-20 11:52:54,877 INFO scheduler Scheduled Job Complete: frappe.email.doctype.email_account.email_account.pull for atualli.local
2021-07-20 11:52:55,003 INFO scheduler Scheduled Job Start: frappe.email.queue.flush for atualli.local
2021-07-20 11:52:55,521 INFO scheduler Scheduled Job Complete: frappe.email.queue.flush for atualli.local
2021-07-20 11:53:52,227 DEBUG scheduler Queued events for site atualli.local
2021-07-20 11:54:52,452 DEBUG scheduler Queued events for site atualli.local
2021-07-20 11:55:52,778 DEBUG scheduler Queued events for site atualli.local
2021-07-20 11:56:53,052 DEBUG scheduler Queued events for site atualli.local
2021-07-20 11:56:53,096 INFO scheduler Scheduled Job Start: frappe.monitor.flush for atualli.local
2021-07-20 11:56:53,417 INFO scheduler Scheduled Job Complete: frappe.monitor.flush for atualli.local
2021-07-20 11:56:53,522 INFO scheduler Scheduled Job Start: frappe.utils.global_search.sync_global_search for atualli.local
2021-07-20 11:56:53,846 INFO scheduler Scheduled Job Complete: frappe.utils.global_search.sync_global_search for atualli.local
2021-07-20 11:56:53,952 INFO scheduler Scheduled Job Start: frappe.integrations.doctype.razorpay_settings.razorpay_settings.capture_payment for atualli.local
2021-07-20 11:56:54,430 INFO scheduler Scheduled Job Complete: frappe.integrations.doctype.razorpay_settings.razorpay_settings.capture_payment for atualli.local
2021-07-20 11:56:54,517 INFO scheduler Scheduled Job Start: frappe.email.doctype.email_account.email_account.notify_unreplied for atualli.local
2021-07-20 11:56:54,922 INFO scheduler Scheduled Job Complete: frappe.email.doctype.email_account.email_account.notify_unreplied for atualli.local
2021-07-20 11:56:55,010 INFO scheduler Scheduled Job Start: frappe.email.doctype.email_account.email_account.pull for atualli.local
2021-07-20 11:56:55,409 INFO scheduler Scheduled Job Complete: frappe.email.doctype.email_account.email_account.pull for atualli.local
2021-07-20 11:56:55,496 INFO scheduler Scheduled Job Start: frappe.email.queue.flush for atualli.local
2021-07-20 11:56:55,868 INFO scheduler Scheduled Job Complete: frappe.email.queue.flush for atualli.local
2021-07-20 11:57:53,300 DEBUG scheduler Queued events for site atualli.local
2021-07-20 11:58:53,589 DEBUG scheduler Queued events for site atualli.local
2021-07-20 11:59:53,859 DEBUG scheduler Queued events for site atualli.local
2021-07-20 12:00:54,260 INFO scheduler Scheduled Job Start: frappe.email.doctype.newsletter.newsletter.send_scheduled_email for atualli.local
2021-07-20 12:00:54,265 DEBUG scheduler Queued events for site atualli.local
2021-07-20 12:00:55,105 INFO scheduler Scheduled Job Complete: frappe.email.doctype.newsletter.newsletter.send_scheduled_email for atualli.local
2021-07-20 12:00:55,202 INFO scheduler Scheduled Job Start: frappe.integrations.doctype.google_calendar.google_calendar.sync for atualli.local
2021-07-20 12:00:55,942 INFO scheduler Scheduled Job Complete: frappe.integrations.doctype.google_calendar.google_calendar.sync for atualli.local
2021-07-20 12:00:56,042 INFO scheduler Scheduled Job Start: frappe.desk.form.document_follow.send_hourly_updates for atualli.local
2021-07-20 12:00:56,488 INFO scheduler Scheduled Job Complete: frappe.desk.form.document_follow.send_hourly_updates for atualli.local
2021-07-20 12:00:56,585 INFO scheduler Scheduled Job Start: frappe.deferred_insert.save_to_db for atualli.local
2021-07-20 12:00:57,238 INFO scheduler Scheduled Job Complete: frappe.deferred_insert.save_to_db for atualli.local
2021-07-20 12:00:57,335 INFO scheduler Scheduled Job Start: frappe.desk.page.backups.backups.delete_downloadable_backups for atualli.local
2021-07-20 12:00:57,777 INFO scheduler Scheduled Job Complete: frappe.desk.page.backups.backups.delete_downloadable_backups for atualli.local
2021-07-20 12:00:57,874 INFO scheduler Scheduled Job Start: frappe.utils.error.collect_error_snapshots for atualli.local
2021-07-20 12:00:58,313 INFO scheduler Scheduled Job Complete: frappe.utils.error.collect_error_snapshots for atualli.local
2021-07-20 12:00:58,408 INFO scheduler Scheduled Job Start: frappe.model.utils.user_settings.sync_user_settings for atualli.local
2021-07-20 12:00:58,823 INFO scheduler Scheduled Job Complete: frappe.model.utils.user_settings.sync_user_settings for atualli.local
2021-07-20 12:00:58,924 INFO scheduler Scheduled Job Start: frappe.model.utils.link_count.update_link_count for atualli.local
2021-07-20 12:00:59,353 INFO scheduler Scheduled Job Complete: frappe.model.utils.link_count.update_link_count for atualli.local
2021-07-20 12:00:59,449 INFO scheduler Scheduled Job Start: frappe.monitor.flush for atualli.local
2021-07-20 12:00:59,769 INFO scheduler Scheduled Job Complete: frappe.monitor.flush for atualli.local
2021-07-20 12:00:59,862 INFO scheduler Scheduled Job Start: frappe.utils.global_search.sync_global_search for atualli.local
2021-07-20 12:01:00,179 INFO scheduler Scheduled Job Complete: frappe.utils.global_search.sync_global_search for atualli.local
2021-07-20 12:01:00,279 INFO scheduler Scheduled Job Start: frappe.integrations.doctype.razorpay_settings.razorpay_settings.capture_payment for atualli.local
2021-07-20 12:01:00,725 INFO scheduler Scheduled Job Complete: frappe.integrations.doctype.razorpay_settings.razorpay_settings.capture_payment for atualli.local
2021-07-20 12:01:00,813 INFO scheduler Scheduled Job Start: frappe.email.doctype.email_account.email_account.notify_unreplied for atualli.local
2021-07-20 12:01:01,217 INFO scheduler Scheduled Job Complete: frappe.email.doctype.email_account.email_account.notify_unreplied for atualli.local
2021-07-20 12:01:01,303 INFO scheduler Scheduled Job Start: frappe.email.doctype.email_account.email_account.pull for atualli.local
2021-07-20 12:01:01,704 INFO scheduler Scheduled Job Complete: frappe.email.doctype.email_account.email_account.pull for atualli.local
2021-07-20 12:01:01,790 INFO scheduler Scheduled Job Start: frappe.email.queue.flush for atualli.local
2021-07-20 12:01:02,156 INFO scheduler Scheduled Job Complete: frappe.email.queue.flush for atualli.local
2021-07-20 12:01:02,252 INFO scheduler Scheduled Job Start: frappe.twofactor.delete_all_barcodes_for_users for atualli.local
2021-07-20 12:01:02,709 INFO scheduler Scheduled Job Complete: frappe.twofactor.delete_all_barcodes_for_users for atualli.local
2021-07-20 12:01:02,804 INFO scheduler Scheduled Job Start: frappe.website.doctype.web_page.web_page.check_publish_status for atualli.local
2021-07-20 12:01:03,349 INFO scheduler Scheduled Job Complete: frappe.website.doctype.web_page.web_page.check_publish_status for atualli.local
2021-07-20 12:01:03,473 INFO scheduler Scheduled Job Start: frappe.oauth.delete_oauth2_data for atualli.local
2021-07-20 12:01:03,942 INFO scheduler Scheduled Job Complete: frappe.oauth.delete_oauth2_data for atualli.local
2021-07-20 12:01:54,484 DEBUG scheduler Queued events for site atualli.local
2021-07-20 12:02:54,711 DEBUG scheduler Queued events for site atualli.local
2021-07-20 12:03:54,968 DEBUG scheduler Queued events for site atualli.local
2021-07-20 12:04:55,315 DEBUG scheduler Queued events for site atualli.local
2021-07-20 12:04:55,399 INFO scheduler Scheduled Job Start: frappe.monitor.flush for atualli.local
2021-07-20 12:04:55,831 INFO scheduler Scheduled Job Complete: frappe.monitor.flush for atualli.local
2021-07-20 12:04:55,942 INFO scheduler Scheduled Job Start: frappe.utils.global_search.sync_global_search for atualli.local
2021-07-20 12:04:56,352 INFO scheduler Scheduled Job Complete: frappe.utils.global_search.sync_global_search for atualli.local
2021-07-20 12:04:56,467 INFO scheduler Scheduled Job Start: frappe.integrations.doctype.razorpay_settings.razorpay_settings.capture_payment for atualli.local
2021-07-20 12:04:57,075 INFO scheduler Scheduled Job Complete: frappe.integrations.doctype.razorpay_settings.razorpay_settings.capture_payment for atualli.local
2021-07-20 12:04:57,223 INFO scheduler Scheduled Job Start: frappe.email.doctype.email_account.email_account.notify_unreplied for atualli.local
2021-07-20 12:04:57,775 INFO scheduler Scheduled Job Complete: frappe.email.doctype.email_account.email_account.notify_unreplied for atualli.local
2021-07-20 12:04:57,891 INFO scheduler Scheduled Job Start: frappe.email.doctype.email_account.email_account.pull for atualli.local
2021-07-20 12:04:58,464 INFO scheduler Scheduled Job Complete: frappe.email.doctype.email_account.email_account.pull for atualli.local
2021-07-20 12:04:58,634 INFO scheduler Scheduled Job Start: frappe.email.queue.flush for atualli.local
2021-07-20 12:04:59,490 INFO scheduler Scheduled Job Complete: frappe.email.queue.flush for atualli.local
2021-07-20 12:05:55,602 DEBUG scheduler Queued events for site atualli.local
2021-07-20 12:06:55,891 DEBUG scheduler Queued events for site atualli.local
2021-07-20 12:07:56,186 DEBUG scheduler Queued events for site atualli.local
2021-07-20 12:08:56,538 DEBUG scheduler Queued events for site atualli.local
2021-07-20 12:08:56,594 INFO scheduler Scheduled Job Start: frappe.monitor.flush for atualli.local
2021-07-20 12:08:56,992 INFO scheduler Scheduled Job Complete: frappe.monitor.flush for atualli.local
2021-07-20 12:08:57,114 INFO scheduler Scheduled Job Start: frappe.utils.global_search.sync_global_search for atualli.local
2021-07-20 12:08:57,507 INFO scheduler Scheduled Job Complete: frappe.utils.global_search.sync_global_search for atualli.local
2021-07-20 12:08:57,620 INFO scheduler Scheduled Job Start: frappe.integrations.doctype.razorpay_settings.razorpay_settings.capture_payment for atualli.local
2021-07-20 12:08:58,206 INFO scheduler Scheduled Job Complete: frappe.integrations.doctype.razorpay_settings.razorpay_settings.capture_payment for atualli.local
2021-07-20 12:08:58,317 INFO scheduler Scheduled Job Start: frappe.email.doctype.email_account.email_account.notify_unreplied for atualli.local
2021-07-20 12:08:58,804 INFO scheduler Scheduled Job Complete: frappe.email.doctype.email_account.email_account.notify_unreplied for atualli.local
2021-07-20 12:08:58,925 INFO scheduler Scheduled Job Start: frappe.email.doctype.email_account.email_account.pull for atualli.local
2021-07-20 12:08:59,426 INFO scheduler Scheduled Job Complete: frappe.email.doctype.email_account.email_account.pull for atualli.local
2021-07-20 12:08:59,538 INFO scheduler Scheduled Job Start: frappe.email.queue.flush for atualli.local
2021-07-20 12:08:59,984 INFO scheduler Scheduled Job Complete: frappe.email.queue.flush for atualli.local
2021-07-20 12:09:56,829 DEBUG scheduler Queued events for site atualli.local
2021-07-20 12:10:57,133 DEBUG scheduler Queued events for site atualli.local
2021-07-20 12:11:57,453 DEBUG scheduler Queued events for site atualli.local
2021-07-20 12:12:57,837 DEBUG scheduler Queued events for site atualli.local
2021-07-20 12:12:57,887 INFO scheduler Scheduled Job Start: frappe.monitor.flush for atualli.local
2021-07-20 12:12:58,289 INFO scheduler Scheduled Job Complete: frappe.monitor.flush for atualli.local
2021-07-20 12:12:58,405 INFO scheduler Scheduled Job Start: frappe.utils.global_search.sync_global_search for atualli.local
2021-07-20 12:12:58,795 INFO scheduler Scheduled Job Complete: frappe.utils.global_search.sync_global_search for atualli.local
2021-07-20 12:12:58,909 INFO scheduler Scheduled Job Start: frappe.integrations.doctype.razorpay_settings.razorpay_settings.capture_payment for atualli.local
2021-07-20 12:12:59,483 INFO scheduler Scheduled Job Complete: frappe.integrations.doctype.razorpay_settings.razorpay_settings.capture_payment for atualli.local
2021-07-20 12:12:59,591 INFO scheduler Scheduled Job Start: frappe.email.doctype.email_account.email_account.notify_unreplied for atualli.local
2021-07-20 12:13:00,085 INFO scheduler Scheduled Job Complete: frappe.email.doctype.email_account.email_account.notify_unreplied for atualli.local
2021-07-20 12:13:00,197 INFO scheduler Scheduled Job Start: frappe.email.doctype.email_account.email_account.pull for atualli.local
2021-07-20 12:13:00,705 INFO scheduler Scheduled Job Complete: frappe.email.doctype.email_account.email_account.pull for atualli.local
2021-07-20 12:13:00,816 INFO scheduler Scheduled Job Start: frappe.email.queue.flush for atualli.local
2021-07-20 12:13:01,239 INFO scheduler Scheduled Job Complete: frappe.email.queue.flush for atualli.local
2021-07-20 12:13:58,174 DEBUG scheduler Queued events for site atualli.local
2021-07-20 12:14:58,508 DEBUG scheduler Queued events for site atualli.local
2021-07-20 12:15:58,831 DEBUG scheduler Queued events for site atualli.local
2021-07-20 12:15:58,932 INFO scheduler Scheduled Job Start: frappe.twofactor.delete_all_barcodes_for_users for atualli.local
2021-07-20 12:15:59,522 INFO scheduler Scheduled Job Complete: frappe.twofactor.delete_all_barcodes_for_users for atualli.local
2021-07-20 12:15:59,652 INFO scheduler Scheduled Job Start: frappe.website.doctype.web_page.web_page.check_publish_status for atualli.local
2021-07-20 12:16:00,410 INFO scheduler Scheduled Job Complete: frappe.website.doctype.web_page.web_page.check_publish_status for atualli.local
2021-07-20 12:16:00,531 INFO scheduler Scheduled Job Start: frappe.oauth.delete_oauth2_data for atualli.local
2021-07-20 12:16:01,176 INFO scheduler Scheduled Job Complete: frappe.oauth.delete_oauth2_data for atualli.local
2021-07-20 12:16:59,223 DEBUG scheduler Queued events for site atualli.local
2021-07-20 12:16:59,272 INFO scheduler Scheduled Job Start: frappe.monitor.flush for atualli.local
2021-07-20 12:16:59,720 INFO scheduler Scheduled Job Complete: frappe.monitor.flush for atualli.local
2021-07-20 12:16:59,869 INFO scheduler Scheduled Job Start: frappe.utils.global_search.sync_global_search for atualli.local
2021-07-20 12:17:00,286 INFO scheduler Scheduled Job Complete: frappe.utils.global_search.sync_global_search for atualli.local
2021-07-20 12:17:00,404 INFO scheduler Scheduled Job Start: frappe.integrations.doctype.razorpay_settings.razorpay_settings.capture_payment for atualli.local
2021-07-20 12:17:01,037 INFO scheduler Scheduled Job Complete: frappe.integrations.doctype.razorpay_settings.razorpay_settings.capture_payment for atualli.local
2021-07-20 12:17:01,157 INFO scheduler Scheduled Job Start: frappe.email.doctype.email_account.email_account.notify_unreplied for atualli.local
2021-07-20 12:17:01,711 INFO scheduler Scheduled Job Complete: frappe.email.doctype.email_account.email_account.notify_unreplied for atualli.local
2021-07-20 12:17:01,864 INFO scheduler Scheduled Job Start: frappe.email.doctype.email_account.email_account.pull for atualli.local
2021-07-20 12:17:02,406 INFO scheduler Scheduled Job Complete: frappe.email.doctype.email_account.email_account.pull for atualli.local
2021-07-20 12:17:02,531 INFO scheduler Scheduled Job Start: frappe.email.queue.flush for atualli.local
2021-07-20 12:17:03,028 INFO scheduler Scheduled Job Complete: frappe.email.queue.flush for atualli.local
2021-07-20 12:17:59,608 DEBUG scheduler Queued events for site atualli.local
